[2018-01-23 09:59:13.488] [INFO] access - ::1 - - "GET / HTTP/1.1" 200 - "" "Mozilla/5.0 (Windows NT 10.0; WOW64) AppleWebKit/537.36 (KHTML, like Gecko) Chrome/52.0.2743.82 Safari/537.36"
[2018-01-23 09:59:14.176] [WARN] access - ::1 - - "GET /active/api HTTP/1.1" 304 - "http://localhost:3000/" "Mozilla/5.0 (Windows NT 10.0; WOW64) AppleWebKit/537.36 (KHTML, like Gecko) Chrome/52.0.2743.82 Safari/537.36"
[2018-01-23 09:59:14.276] [ERROR] access - ::1 - - "GET /public/logo-48.png HTTP/1.1" 404 20 "http://localhost:3000/" "Mozilla/5.0 (Windows NT 10.0; WOW64) AppleWebKit/537.36 (KHTML, like Gecko) Chrome/52.0.2743.82 Safari/537.36"
[2018-01-23 10:03:04.505] [ERROR] access - ::1 - - "GET /dist/ea25518399a59bb91db9.hot-update.json HTTP/1.1" 404 20 "http://localhost:3000/" "Mozilla/5.0 (Windows NT 10.0; WOW64) AppleWebKit/537.36 (KHTML, like Gecko) Chrome/52.0.2743.82 Safari/537.36"
[2018-01-23 11:27:53.684] [INFO] access - ::1 - - "GET /login HTTP/1.1" 200 - "" "Mozilla/5.0 (Windows NT 10.0; WOW64) AppleWebKit/537.36 (KHTML, like Gecko) Chrome/52.0.2743.82 Safari/537.36"
[2018-01-23 11:27:54.097] [WARN] access - ::1 - - "GET /active/api HTTP/1.1" 304 - "http://localhost:3000/login" "Mozilla/5.0 (Windows NT 10.0; WOW64) AppleWebKit/537.36 (KHTML, like Gecko) Chrome/52.0.2743.82 Safari/537.36"
[2018-01-23 11:31:27.714] [ERROR] access - ::1 - - "GET /dist/171b8c21b8839ecf3f88.hot-update.json HTTP/1.1" 404 20 "http://localhost:3000/" "Mozilla/5.0 (Windows NT 10.0; WOW64) AppleWebKit/537.36 (KHTML, like Gecko) Chrome/52.0.2743.82 Safari/537.36"
[2018-01-23 11:31:39.119] [ERROR] access - ::1 - - "GET /dist/171b8c21b8839ecf3f88.hot-update.json HTTP/1.1" 404 20 "http://localhost:3000/" "Mozilla/5.0 (Windows NT 10.0; WOW64) AppleWebKit/537.36 (KHTML, like Gecko) Chrome/52.0.2743.82 Safari/537.36"
[2018-01-23 11:31:42.291] [WARN] access - ::1 - - "GET / HTTP/1.1" 304 - "" "Mozilla/5.0 (Windows NT 10.0; WOW64) AppleWebKit/537.36 (KHTML, like Gecko) Chrome/52.0.2743.82 Safari/537.36"
[2018-01-23 11:31:42.696] [WARN] access - ::1 - - "GET /active/api HTTP/1.1" 304 - "http://localhost:3000/" "Mozilla/5.0 (Windows NT 10.0; WOW64) AppleWebKit/537.36 (KHTML, like Gecko) Chrome/52.0.2743.82 Safari/537.36"
[2018-01-23 11:34:24.275] [WARN] access - ::1 - - "GET / HTTP/1.1" 304 - "" "Mozilla/5.0 (Windows NT 10.0; WOW64) AppleWebKit/537.36 (KHTML, like Gecko) Chrome/52.0.2743.82 Safari/537.36"
[2018-01-23 11:34:24.790] [WARN] access - ::1 - - "GET /active/api HTTP/1.1" 304 - "http://localhost:3000/" "Mozilla/5.0 (Windows NT 10.0; WOW64) AppleWebKit/537.36 (KHTML, like Gecko) Chrome/52.0.2743.82 Safari/537.36"
[2018-01-23 11:37:19.770] [INFO] access - ::1 - - "GET / HTTP/1.1" 200 - "" "Mozilla/5.0 (Windows NT 10.0; WOW64) AppleWebKit/537.36 (KHTML, like Gecko) Chrome/52.0.2743.82 Safari/537.36"
[2018-01-23 11:37:20.150] [WARN] access - ::1 - - "GET /active/api HTTP/1.1" 304 - "http://localhost:3000/" "Mozilla/5.0 (Windows NT 10.0; WOW64) AppleWebKit/537.36 (KHTML, like Gecko) Chrome/52.0.2743.82 Safari/537.36"
[2018-01-23 11:38:57.572] [INFO] access - ::1 - - "GET / HTTP/1.1" 200 - "" "Mozilla/5.0 (Windows NT 10.0; WOW64) AppleWebKit/537.36 (KHTML, like Gecko) Chrome/52.0.2743.82 Safari/537.36"
[2018-01-23 11:38:58.075] [WARN] access - ::1 - - "GET /active/api HTTP/1.1" 304 - "http://localhost:3000/" "Mozilla/5.0 (Windows NT 10.0; WOW64) AppleWebKit/537.36 (KHTML, like Gecko) Chrome/52.0.2743.82 Safari/537.36"
[2018-01-23 11:39:13.989] [INFO] access - ::1 - - "GET / HTTP/1.1" 200 - "" "Mozilla/5.0 (Windows NT 10.0; WOW64) AppleWebKit/537.36 (KHTML, like Gecko) Chrome/52.0.2743.82 Safari/537.36"
[2018-01-23 11:39:14.464] [WARN] access - ::1 - - "GET /active/api HTTP/1.1" 304 - "http://localhost:3000/" "Mozilla/5.0 (Windows NT 10.0; WOW64) AppleWebKit/537.36 (KHTML, like Gecko) Chrome/52.0.2743.82 Safari/537.36"
[2018-01-23 11:40:43.117] [INFO] access - ::1 - - "GET / HTTP/1.1" 200 - "" "Mozilla/5.0 (Windows NT 10.0; WOW64) AppleWebKit/537.36 (KHTML, like Gecko) Chrome/52.0.2743.82 Safari/537.36"
[2018-01-23 11:40:43.599] [WARN] access - ::1 - - "GET /active/api HTTP/1.1" 304 - "http://localhost:3000/" "Mozilla/5.0 (Windows NT 10.0; WOW64) AppleWebKit/537.36 (KHTML, like Gecko) Chrome/52.0.2743.82 Safari/537.36"
[2018-01-23 13:40:44.712] [INFO] access - ::1 - - "GET / HTTP/1.1" 200 - "" "Mozilla/5.0 (Windows NT 10.0; WOW64) AppleWebKit/537.36 (KHTML, like Gecko) Chrome/52.0.2743.82 Safari/537.36"
[2018-01-23 13:40:46.593] [WARN] access - ::1 - - "GET /active/api HTTP/1.1" 304 - "http://localhost:3000/" "Mozilla/5.0 (Windows NT 10.0; WOW64) AppleWebKit/537.36 (KHTML, like Gecko) Chrome/52.0.2743.82 Safari/537.36"
[2018-01-23 13:40:53.702] [WARN] access - ::1 - - "GET / HTTP/1.1" 304 - "" "Mozilla/5.0 (Windows NT 10.0; WOW64) AppleWebKit/537.36 (KHTML, like Gecko) Chrome/52.0.2743.82 Safari/537.36"
[2018-01-23 13:40:54.355] [WARN] access - ::1 - - "GET /active/api HTTP/1.1" 304 - "http://localhost:3000/" "Mozilla/5.0 (Windows NT 10.0; WOW64) AppleWebKit/537.36 (KHTML, like Gecko) Chrome/52.0.2743.82 Safari/537.36"
[2018-01-23 13:40:55.338] [INFO] access - ::1 - - "GET / HTTP/1.1" 200 - "" "Mozilla/5.0 (Windows NT 10.0; WOW64) AppleWebKit/537.36 (KHTML, like Gecko) Chrome/52.0.2743.82 Safari/537.36"
[2018-01-23 13:40:56.019] [INFO] access - ::1 - - "GET /active/api HTTP/1.1" 200 34 "http://localhost:3000/" "Mozilla/5.0 (Windows NT 10.0; WOW64) AppleWebKit/537.36 (KHTML, like Gecko) Chrome/52.0.2743.82 Safari/537.36"
[2018-01-23 13:47:52.659] [INFO] access - ::1 - - "GET / HTTP/1.1" 200 - "" "Mozilla/5.0 (Windows NT 10.0; WOW64) AppleWebKit/537.36 (KHTML, like Gecko) Chrome/52.0.2743.82 Safari/537.36"
[2018-01-23 13:47:53.299] [WARN] access - ::1 - - "GET /active/api HTTP/1.1" 304 - "http://localhost:3000/" "Mozilla/5.0 (Windows NT 10.0; WOW64) AppleWebKit/537.36 (KHTML, like Gecko) Chrome/52.0.2743.82 Safari/537.36"
[2018-01-23 14:18:49.001] [INFO] access - ::1 - - "GET / HTTP/1.1" 200 - "" "Mozilla/5.0 (Windows NT 10.0; WOW64) AppleWebKit/537.36 (KHTML, like Gecko) Chrome/52.0.2743.82 Safari/537.36"
[2018-01-23 14:18:49.478] [INFO] access - ::1 - - "GET /active/api HTTP/1.1" 200 34 "http://localhost:3000/" "Mozilla/5.0 (Windows NT 10.0; WOW64) AppleWebKit/537.36 (KHTML, like Gecko) Chrome/52.0.2743.82 Safari/537.36"
[2018-01-23 14:18:57.995] [WARN] access - ::1 - - "GET / HTTP/1.1" 304 - "" "Mozilla/5.0 (Windows NT 10.0; WOW64) AppleWebKit/537.36 (KHTML, like Gecko) Chrome/52.0.2743.82 Safari/537.36"
[2018-01-23 14:18:58.375] [WARN] access - ::1 - - "GET /active/api HTTP/1.1" 304 - "http://localhost:3000/" "Mozilla/5.0 (Windows NT 10.0; WOW64) AppleWebKit/537.36 (KHTML, like Gecko) Chrome/52.0.2743.82 Safari/537.36"
[2018-01-23 14:19:08.760] [WARN] access - ::1 - - "GET / HTTP/1.1" 304 - "" "Mozilla/5.0 (Windows NT 10.0; WOW64) AppleWebKit/537.36 (KHTML, like Gecko) Chrome/52.0.2743.82 Safari/537.36"
[2018-01-23 14:19:09.339] [WARN] access - ::1 - - "GET /active/api HTTP/1.1" 304 - "http://localhost:3000/" "Mozilla/5.0 (Windows NT 10.0; WOW64) AppleWebKit/537.36 (KHTML, like Gecko) Chrome/52.0.2743.82 Safari/537.36"
[2018-01-23 14:19:16.045] [INFO] access - ::1 - - "GET / HTTP/1.1" 200 - "" "Mozilla/5.0 (Windows NT 10.0; WOW64) AppleWebKit/537.36 (KHTML, like Gecko) Chrome/52.0.2743.82 Safari/537.36"
[2018-01-23 14:19:16.699] [INFO] access - ::1 - - "GET /active/api HTTP/1.1" 200 34 "http://localhost:3000/" "Mozilla/5.0 (Windows NT 10.0; WOW64) AppleWebKit/537.36 (KHTML, like Gecko) Chrome/52.0.2743.82 Safari/537.36"
[2018-01-23 14:21:06.440] [INFO] access - ::1 - - "GET / HTTP/1.1" 200 - "" "Mozilla/5.0 (Windows NT 10.0; WOW64) AppleWebKit/537.36 (KHTML, like Gecko) Chrome/52.0.2743.82 Safari/537.36"
[2018-01-23 14:21:07.539] [WARN] access - ::1 - - "GET /active/api HTTP/1.1" 304 - "http://localhost:3000/" "Mozilla/5.0 (Windows NT 10.0; WOW64) AppleWebKit/537.36 (KHTML, like Gecko) Chrome/52.0.2743.82 Safari/537.36"
[2018-01-23 14:25:55.839] [WARN] access - ::1 - - "GET / HTTP/1.1" 304 - "" "Mozilla/5.0 (Windows NT 10.0; WOW64) AppleWebKit/537.36 (KHTML, like Gecko) Chrome/52.0.2743.82 Safari/537.36"
[2018-01-23 14:25:56.426] [WARN] access - ::1 - - "GET /active/api HTTP/1.1" 304 - "http://localhost:3000/" "Mozilla/5.0 (Windows NT 10.0; WOW64) AppleWebKit/537.36 (KHTML, like Gecko) Chrome/52.0.2743.82 Safari/537.36"
[2018-01-23 15:22:44.586] [ERROR] access - ::1 - - "GET /dist/45975e41bf337975f91d.hot-update.json HTTP/1.1" 500 27 "http://localhost:3000/" "Mozilla/5.0 (Windows NT 10.0; WOW64) AppleWebKit/537.36 (KHTML, like Gecko) Chrome/52.0.2743.82 Safari/537.36"
[2018-01-23 15:28:25.927] [ERROR] access - ::1 - - "GET / HTTP/1.1" 404 20 "" "Mozilla/5.0 (Windows NT 10.0; WOW64) AppleWebKit/537.36 (KHTML, like Gecko) Chrome/52.0.2743.82 Safari/537.36"
[2018-01-23 15:28:29.720] [ERROR] access - ::1 - - "GET /login HTTP/1.1" 500 27 "" "Mozilla/5.0 (Windows NT 10.0; WOW64) AppleWebKit/537.36 (KHTML, like Gecko) Chrome/52.0.2743.82 Safari/537.36"
[2018-01-23 15:28:30.179] [ERROR] access - ::1 - - "GET /login HTTP/1.1" 500 27 "" "Mozilla/5.0 (Windows NT 10.0; WOW64) AppleWebKit/537.36 (KHTML, like Gecko) Chrome/52.0.2743.82 Safari/537.36"
[2018-01-23 15:32:02.398] [INFO] access - ::1 - - "GET /login HTTP/1.1" 200 - "" "Mozilla/5.0 (Windows NT 10.0; WOW64) AppleWebKit/537.36 (KHTML, like Gecko) Chrome/52.0.2743.82 Safari/537.36"
[2018-01-23 15:32:03.077] [WARN] access - ::1 - - "GET /active/api HTTP/1.1" 304 - "http://localhost:3000/login" "Mozilla/5.0 (Windows NT 10.0; WOW64) AppleWebKit/537.36 (KHTML, like Gecko) Chrome/52.0.2743.82 Safari/537.36"
[2018-01-23 15:32:15.016] [WARN] access - ::1 - - "GET /login HTTP/1.1" 304 - "" "Mozilla/5.0 (Windows NT 10.0; WOW64) AppleWebKit/537.36 (KHTML, like Gecko) Chrome/52.0.2743.82 Safari/537.36"
[2018-01-23 15:32:15.621] [WARN] access - ::1 - - "GET /active/api HTTP/1.1" 304 - "http://localhost:3000/login" "Mozilla/5.0 (Windows NT 10.0; WOW64) AppleWebKit/537.36 (KHTML, like Gecko) Chrome/52.0.2743.82 Safari/537.36"
[2018-01-23 15:32:30.263] [ERROR] access - ::1 - - "GET / HTTP/1.1" 404 20 "" "Mozilla/5.0 (Windows NT 10.0; WOW64) AppleWebKit/537.36 (KHTML, like Gecko) Chrome/52.0.2743.82 Safari/537.36"
[2018-01-23 15:32:30.905] [ERROR] access - ::1 - - "GET / HTTP/1.1" 404 20 "" "Mozilla/5.0 (Windows NT 10.0; WOW64) AppleWebKit/537.36 (KHTML, like Gecko) Chrome/52.0.2743.82 Safari/537.36"
[2018-01-23 15:55:15.303] [ERROR] access - ::1 - - "GET / HTTP/1.1" 500 27 "" "Mozilla/5.0 (Windows NT 10.0; WOW64) AppleWebKit/537.36 (KHTML, like Gecko) Chrome/52.0.2743.82 Safari/537.36"
[2018-01-23 15:55:17.701] [ERROR] access - ::1 - - "GET / HTTP/1.1" 500 27 "" "Mozilla/5.0 (Windows NT 10.0; WOW64) AppleWebKit/537.36 (KHTML, like Gecko) Chrome/52.0.2743.82 Safari/537.36"
[2018-01-23 15:59:18.933] [ERROR] access - ::1 - - "GET / HTTP/1.1" 500 27 "" "Mozilla/5.0 (Windows NT 10.0; WOW64) AppleWebKit/537.36 (KHTML, like Gecko) Chrome/52.0.2743.82 Safari/537.36"
[2018-01-23 15:59:23.493] [ERROR] access - ::1 - - "GET / HTTP/1.1" 500 27 "" "Mozilla/5.0 (Windows NT 10.0; WOW64) AppleWebKit/537.36 (KHTML, like Gecko) Chrome/52.0.2743.82 Safari/537.36"
[2018-01-23 16:01:44.075] [ERROR] access - ::1 - - "GET / HTTP/1.1" 500 27 "" "Mozilla/5.0 (Windows NT 10.0; WOW64) AppleWebKit/537.36 (KHTML, like Gecko) Chrome/52.0.2743.82 Safari/537.36"
[2018-01-23 16:01:53.925] [ERROR] access - ::1 - - "GET /login HTTP/1.1" 500 27 "" "Mozilla/5.0 (Windows NT 10.0; WOW64) AppleWebKit/537.36 (KHTML, like Gecko) Chrome/52.0.2743.82 Safari/537.36"
[2018-01-23 16:03:33.301] [ERROR] access - ::1 - - "GET /login HTTP/1.1" 500 27 "" "Mozilla/5.0 (Windows NT 10.0; WOW64) AppleWebKit/537.36 (KHTML, like Gecko) Chrome/52.0.2743.82 Safari/537.36"
[2018-01-23 16:06:03.973] [ERROR] access - ::1 - - "GET /login HTTP/1.1" 500 27 "" "Mozilla/5.0 (Windows NT 10.0; WOW64) AppleWebKit/537.36 (KHTML, like Gecko) Chrome/52.0.2743.82 Safari/537.36"
[2018-01-23 16:32:43.923] [ERROR] access - ::1 - - "GET / HTTP/1.1" 500 27 "" "Mozilla/5.0 (Windows NT 10.0; WOW64) AppleWebKit/537.36 (KHTML, like Gecko) Chrome/52.0.2743.82 Safari/537.36"
[2018-01-23 16:32:45.561] [ERROR] access - ::1 - - "GET / HTTP/1.1" 500 27 "" "Mozilla/5.0 (Windows NT 10.0; WOW64) AppleWebKit/537.36 (KHTML, like Gecko) Chrome/52.0.2743.82 Safari/537.36"
[2018-01-23 16:33:19.538] [INFO] access - ::1 - - "GET / HTTP/1.1" 200 - "" "Mozilla/5.0 (Windows NT 10.0; WOW64) AppleWebKit/537.36 (KHTML, like Gecko) Chrome/52.0.2743.82 Safari/537.36"
[2018-01-23 16:33:20.154] [WARN] access - ::1 - - "GET /active/api HTTP/1.1" 304 - "http://localhost:3000/" "Mozilla/5.0 (Windows NT 10.0; WOW64) AppleWebKit/537.36 (KHTML, like Gecko) Chrome/52.0.2743.82 Safari/537.36"
[2018-01-23 16:33:41.046] [INFO] access - ::1 - - "GET / HTTP/1.1" 200 - "" "Mozilla/5.0 (Windows NT 10.0; WOW64) AppleWebKit/537.36 (KHTML, like Gecko) Chrome/52.0.2743.82 Safari/537.36"
[2018-01-23 16:33:41.632] [WARN] access - ::1 - - "GET /active/api HTTP/1.1" 304 - "http://localhost:3000/" "Mozilla/5.0 (Windows NT 10.0; WOW64) AppleWebKit/537.36 (KHTML, like Gecko) Chrome/52.0.2743.82 Safari/537.36"
[2018-01-23 16:33:47.587] [WARN] access - ::1 - - "GET / HTTP/1.1" 304 - "" "Mozilla/5.0 (Windows NT 10.0; WOW64) AppleWebKit/537.36 (KHTML, like Gecko) Chrome/52.0.2743.82 Safari/537.36"
[2018-01-23 16:33:48.129] [WARN] access - ::1 - - "GET /active/api HTTP/1.1" 304 - "http://localhost:3000/" "Mozilla/5.0 (Windows NT 10.0; WOW64) AppleWebKit/537.36 (KHTML, like Gecko) Chrome/52.0.2743.82 Safari/537.36"
[2018-01-23 16:43:41.711] [INFO] access - ::1 - - "GET / HTTP/1.1" 200 - "" "Mozilla/5.0 (Windows NT 10.0; WOW64) AppleWebKit/537.36 (KHTML, like Gecko) Chrome/52.0.2743.82 Safari/537.36"
[2018-01-23 16:43:43.761] [WARN] access - ::1 - - "GET /active/api HTTP/1.1" 304 - "http://localhost:3000/" "Mozilla/5.0 (Windows NT 10.0; WOW64) AppleWebKit/537.36 (KHTML, like Gecko) Chrome/52.0.2743.82 Safari/537.36"
[2018-01-23 16:43:43.856] [WARN] access - ::1 - - "GET / HTTP/1.1" 304 - "" "Mozilla/5.0 (Windows NT 10.0; WOW64) AppleWebKit/537.36 (KHTML, like Gecko) Chrome/52.0.2743.82 Safari/537.36"
[2018-01-23 16:43:44.722] [WARN] access - ::1 - - "GET /active/api HTTP/1.1" 304 - "http://localhost:3000/" "Mozilla/5.0 (Windows NT 10.0; WOW64) AppleWebKit/537.36 (KHTML, like Gecko) Chrome/52.0.2743.82 Safari/537.36"
[2018-01-23 16:44:47.444] [INFO] access - ::1 - - "GET / HTTP/1.1" 200 - "" "Mozilla/5.0 (Windows NT 10.0; WOW64) AppleWebKit/537.36 (KHTML, like Gecko) Chrome/52.0.2743.82 Safari/537.36"
[2018-01-23 16:44:48.013] [WARN] access - ::1 - - "GET /active/api HTTP/1.1" 304 - "http://localhost:3000/" "Mozilla/5.0 (Windows NT 10.0; WOW64) AppleWebKit/537.36 (KHTML, like Gecko) Chrome/52.0.2743.82 Safari/537.36"
[2018-01-23 16:53:10.657] [INFO] access - ::1 - - "GET / HTTP/1.1" 200 - "" "Mozilla/5.0 (Windows NT 10.0; WOW64) AppleWebKit/537.36 (KHTML, like Gecko) Chrome/52.0.2743.82 Safari/537.36"
[2018-01-23 16:53:11.279] [WARN] access - ::1 - - "GET /active/api HTTP/1.1" 304 - "http://localhost:3000/" "Mozilla/5.0 (Windows NT 10.0; WOW64) AppleWebKit/537.36 (KHTML, like Gecko) Chrome/52.0.2743.82 Safari/537.36"
[2018-01-23 16:59:37.968] [ERROR] access - ::1 - - "GET /vuetable HTTP/1.1" 404 20 "" "Mozilla/5.0 (Windows NT 10.0; WOW64) AppleWebKit/537.36 (KHTML, like Gecko) Chrome/52.0.2743.82 Safari/537.36"
[2018-01-23 16:59:39.358] [ERROR] access - ::1 - - "GET /vuetable HTTP/1.1" 404 20 "" "Mozilla/5.0 (Windows NT 10.0; WOW64) AppleWebKit/537.36 (KHTML, like Gecko) Chrome/52.0.2743.82 Safari/537.36"
[2018-01-23 16:59:45.525] [INFO] access - ::1 - - "GET / HTTP/1.1" 200 - "" "Mozilla/5.0 (Windows NT 10.0; WOW64) AppleWebKit/537.36 (KHTML, like Gecko) Chrome/52.0.2743.82 Safari/537.36"
[2018-01-23 16:59:46.102] [WARN] access - ::1 - - "GET /active/api HTTP/1.1" 304 - "http://localhost:3000/" "Mozilla/5.0 (Windows NT 10.0; WOW64) AppleWebKit/537.36 (KHTML, like Gecko) Chrome/52.0.2743.82 Safari/537.36"
[2018-01-23 16:59:59.238] [INFO] access - ::1 - - "GET / HTTP/1.1" 200 - "" "Mozilla/5.0 (Windows NT 10.0; WOW64) AppleWebKit/537.36 (KHTML, like Gecko) Chrome/52.0.2743.82 Safari/537.36"
[2018-01-23 17:00:00.020] [INFO] access - ::1 - - "GET /active/api HTTP/1.1" 200 34 "http://localhost:3000/" "Mozilla/5.0 (Windows NT 10.0; WOW64) AppleWebKit/537.36 (KHTML, like Gecko) Chrome/52.0.2743.82 Safari/537.36"
[2018-01-23 17:00:00.793] [WARN] access - ::1 - - "GET / HTTP/1.1" 304 - "" "Mozilla/5.0 (Windows NT 10.0; WOW64) AppleWebKit/537.36 (KHTML, like Gecko) Chrome/52.0.2743.82 Safari/537.36"
[2018-01-23 17:00:01.369] [WARN] access - ::1 - - "GET /active/api HTTP/1.1" 304 - "http://localhost:3000/" "Mozilla/5.0 (Windows NT 10.0; WOW64) AppleWebKit/537.36 (KHTML, like Gecko) Chrome/52.0.2743.82 Safari/537.36"
[2018-01-23 17:00:03.440] [WARN] access - ::1 - - "GET / HTTP/1.1" 304 - "" "Mozilla/5.0 (Windows NT 10.0; WOW64) AppleWebKit/537.36 (KHTML, like Gecko) Chrome/52.0.2743.82 Safari/537.36"
[2018-01-23 17:00:03.927] [WARN] access - ::1 - - "GET /active/api HTTP/1.1" 304 - "http://localhost:3000/" "Mozilla/5.0 (Windows NT 10.0; WOW64) AppleWebKit/537.36 (KHTML, like Gecko) Chrome/52.0.2743.82 Safari/537.36"
[2018-01-23 17:00:05.752] [WARN] access - ::1 - - "GET / HTTP/1.1" 304 - "" "Mozilla/5.0 (Windows NT 10.0; WOW64) AppleWebKit/537.36 (KHTML, like Gecko) Chrome/52.0.2743.82 Safari/537.36"
[2018-01-23 17:00:06.290] [WARN] access - ::1 - - "GET /active/api HTTP/1.1" 304 - "http://localhost:3000/" "Mozilla/5.0 (Windows NT 10.0; WOW64) AppleWebKit/537.36 (KHTML, like Gecko) Chrome/52.0.2743.82 Safari/537.36"
[2018-01-23 17:00:57.473] [ERROR] access - ::1 - - "GET / HTTP/1.1" 500 27 "" "Mozilla/5.0 (Windows NT 10.0; WOW64) AppleWebKit/537.36 (KHTML, like Gecko) Chrome/52.0.2743.82 Safari/537.36"
[2018-01-23 17:00:58.742] [ERROR] access - ::1 - - "GET / HTTP/1.1" 500 27 "" "Mozilla/5.0 (Windows NT 10.0; WOW64) AppleWebKit/537.36 (KHTML, like Gecko) Chrome/52.0.2743.82 Safari/537.36"
[2018-01-23 17:01:00.018] [ERROR] access - ::1 - - "GET / HTTP/1.1" 500 27 "" "Mozilla/5.0 (Windows NT 10.0; WOW64) AppleWebKit/537.36 (KHTML, like Gecko) Chrome/52.0.2743.82 Safari/537.36"
[2018-01-23 17:01:08.183] [ERROR] access - ::1 - - "GET /vuetable HTTP/1.1" 404 20 "" "Mozilla/5.0 (Windows NT 10.0; WOW64) AppleWebKit/537.36 (KHTML, like Gecko) Chrome/52.0.2743.82 Safari/537.36"
[2018-01-23 17:01:08.801] [ERROR] access - ::1 - - "GET /vuetable HTTP/1.1" 404 20 "" "Mozilla/5.0 (Windows NT 10.0; WOW64) AppleWebKit/537.36 (KHTML, like Gecko) Chrome/52.0.2743.82 Safari/537.36"
[2018-01-23 17:01:09.233] [ERROR] access - ::1 - - "GET /vuetable HTTP/1.1" 404 20 "" "Mozilla/5.0 (Windows NT 10.0; WOW64) AppleWebKit/537.36 (KHTML, like Gecko) Chrome/52.0.2743.82 Safari/537.36"
[2018-01-23 17:01:09.824] [ERROR] access - ::1 - - "GET /vuetable HTTP/1.1" 404 20 "" "Mozilla/5.0 (Windows NT 10.0; WOW64) AppleWebKit/537.36 (KHTML, like Gecko) Chrome/52.0.2743.82 Safari/537.36"
[2018-01-23 17:01:11.321] [INFO] access - ::1 - - "GET / HTTP/1.1" 200 - "" "Mozilla/5.0 (Windows NT 10.0; WOW64) AppleWebKit/537.36 (KHTML, like Gecko) Chrome/52.0.2743.82 Safari/537.36"
[2018-01-23 17:01:11.952] [WARN] access - ::1 - - "GET /active/api HTTP/1.1" 304 - "http://localhost:3000/" "Mozilla/5.0 (Windows NT 10.0; WOW64) AppleWebKit/537.36 (KHTML, like Gecko) Chrome/52.0.2743.82 Safari/537.36"
[2018-01-23 17:01:16.481] [INFO] access - ::1 - - "GET / HTTP/1.1" 200 - "" "Mozilla/5.0 (Windows NT 10.0; WOW64) AppleWebKit/537.36 (KHTML, like Gecko) Chrome/52.0.2743.82 Safari/537.36"
[2018-01-23 17:01:17.117] [INFO] access - ::1 - - "GET /active/api HTTP/1.1" 200 34 "http://localhost:3000/" "Mozilla/5.0 (Windows NT 10.0; WOW64) AppleWebKit/537.36 (KHTML, like Gecko) Chrome/52.0.2743.82 Safari/537.36"
[2018-01-23 17:01:17.769] [WARN] access - ::1 - - "GET / HTTP/1.1" 304 - "" "Mozilla/5.0 (Windows NT 10.0; WOW64) AppleWebKit/537.36 (KHTML, like Gecko) Chrome/52.0.2743.82 Safari/537.36"
[2018-01-23 17:01:18.253] [WARN] access - ::1 - - "GET /active/api HTTP/1.1" 304 - "http://localhost:3000/" "Mozilla/5.0 (Windows NT 10.0; WOW64) AppleWebKit/537.36 (KHTML, like Gecko) Chrome/52.0.2743.82 Safari/537.36"
[2018-01-23 17:02:19.467] [INFO] access - ::1 - - "GET / HTTP/1.1" 200 - "" "Mozilla/5.0 (Windows NT 10.0; WOW64) AppleWebKit/537.36 (KHTML, like Gecko) Chrome/52.0.2743.82 Safari/537.36"
[2018-01-23 17:02:19.978] [WARN] access - ::1 - - "GET /active/api HTTP/1.1" 304 - "http://localhost:3000/" "Mozilla/5.0 (Windows NT 10.0; WOW64) AppleWebKit/537.36 (KHTML, like Gecko) Chrome/52.0.2743.82 Safari/537.36"
[2018-01-23 17:12:49.422] [ERROR] access - ::1 - - "GET /dist/51c57ad7899ebec01ea7.hot-update.json HTTP/1.1" 404 20 "http://localhost:3000/" "Mozilla/5.0 (Windows NT 10.0; WOW64) AppleWebKit/537.36 (KHTML, like Gecko) Chrome/52.0.2743.82 Safari/537.36"
[2018-01-23 17:14:15.901] [ERROR] access - ::1 - - "GET / HTTP/1.1" 500 27 "" "Mozilla/5.0 (Windows NT 10.0; WOW64) AppleWebKit/537.36 (KHTML, like Gecko) Chrome/52.0.2743.82 Safari/537.36"
[2018-01-23 17:14:21.281] [ERROR] access - ::1 - - "GET / HTTP/1.1" 500 27 "" "Mozilla/5.0 (Windows NT 10.0; WOW64) AppleWebKit/537.36 (KHTML, like Gecko) Chrome/52.0.2743.82 Safari/537.36"
[2018-01-23 17:14:22.188] [ERROR] access - ::1 - - "GET / HTTP/1.1" 500 27 "" "Mozilla/5.0 (Windows NT 10.0; WOW64) AppleWebKit/537.36 (KHTML, like Gecko) Chrome/52.0.2743.82 Safari/537.36"
[2018-01-23 17:14:23.290] [ERROR] access - ::1 - - "GET / HTTP/1.1" 500 27 "" "Mozilla/5.0 (Windows NT 10.0; WOW64) AppleWebKit/537.36 (KHTML, like Gecko) Chrome/52.0.2743.82 Safari/537.36"
[2018-01-23 17:17:32.275] [ERROR] access - ::1 - - "GET / HTTP/1.1" 500 27 "" "Mozilla/5.0 (Windows NT 10.0; WOW64) AppleWebKit/537.36 (KHTML, like Gecko) Chrome/52.0.2743.82 Safari/537.36"
[2018-01-23 17:17:44.709] [ERROR] access - ::1 - - "GET / HTTP/1.1" 500 27 "" "Mozilla/5.0 (Windows NT 10.0; WOW64) AppleWebKit/537.36 (KHTML, like Gecko) Chrome/52.0.2743.82 Safari/537.36"
[2018-01-23 17:17:46.020] [ERROR] access - ::1 - - "GET / HTTP/1.1" 500 27 "" "Mozilla/5.0 (Windows NT 10.0; WOW64) AppleWebKit/537.36 (KHTML, like Gecko) Chrome/52.0.2743.82 Safari/537.36"
[2018-01-23 17:19:55.499] [INFO] access - ::1 - - "GET / HTTP/1.1" 200 - "" "Mozilla/5.0 (Windows NT 10.0; WOW64) AppleWebKit/537.36 (KHTML, like Gecko) Chrome/52.0.2743.82 Safari/537.36"
[2018-01-23 17:19:56.201] [INFO] access - ::1 - - "GET /active/api HTTP/1.1" 200 34 "http://localhost:3000/" "Mozilla/5.0 (Windows NT 10.0; WOW64) AppleWebKit/537.36 (KHTML, like Gecko) Chrome/52.0.2743.82 Safari/537.36"
[2018-01-23 17:27:04.540] [INFO] access - ::1 - - "GET /form HTTP/1.1" 200 - "" "Mozilla/5.0 (Windows NT 10.0; WOW64) AppleWebKit/537.36 (KHTML, like Gecko) Chrome/52.0.2743.82 Safari/537.36"
[2018-01-23 17:27:05.023] [WARN] access - ::1 - - "GET /active/api HTTP/1.1" 304 - "http://localhost:3000/form" "Mozilla/5.0 (Windows NT 10.0; WOW64) AppleWebKit/537.36 (KHTML, like Gecko) Chrome/52.0.2743.82 Safari/537.36"
[2018-01-23 17:27:46.794] [INFO] access - ::1 - - "GET /form HTTP/1.1" 200 - "" "Mozilla/5.0 (Windows NT 10.0; WOW64) AppleWebKit/537.36 (KHTML, like Gecko) Chrome/52.0.2743.82 Safari/537.36"
[2018-01-23 17:27:47.317] [WARN] access - ::1 - - "GET /active/api HTTP/1.1" 304 - "http://localhost:3000/form" "Mozilla/5.0 (Windows NT 10.0; WOW64) AppleWebKit/537.36 (KHTML, like Gecko) Chrome/52.0.2743.82 Safari/537.36"
[2018-01-23 17:33:06.169] [WARN] access - ::1 - - "GET /form HTTP/1.1" 304 - "" "Mozilla/5.0 (Windows NT 10.0; WOW64) AppleWebKit/537.36 (KHTML, like Gecko) Chrome/52.0.2743.82 Safari/537.36"
[2018-01-23 17:33:06.726] [WARN] access - ::1 - - "GET /active/api HTTP/1.1" 304 - "http://localhost:3000/form" "Mozilla/5.0 (Windows NT 10.0; WOW64) AppleWebKit/537.36 (KHTML, like Gecko) Chrome/52.0.2743.82 Safari/537.36"
[2018-01-23 18:54:33.629] [ERROR] access - ::1 - - "GET /readme HTTP/1.1" 404 20 "" "Mozilla/5.0 (Windows NT 10.0; WOW64) AppleWebKit/537.36 (KHTML, like Gecko) Chrome/52.0.2743.82 Safari/537.36"
[2018-01-23 19:06:55.516] [ERROR] access - ::1 - - "GET /readme HTTP/1.1" 404 20 "" "Mozilla/5.0 (Windows NT 10.0; WOW64) AppleWebKit/537.36 (KHTML, like Gecko) Chrome/52.0.2743.82 Safari/537.36"
[2018-01-23 19:06:58.115] [WARN] access - ::1 - - "GET / HTTP/1.1" 304 - "" "Mozilla/5.0 (Windows NT 10.0; WOW64) AppleWebKit/537.36 (KHTML, like Gecko) Chrome/52.0.2743.82 Safari/537.36"
[2018-01-23 19:06:58.980] [WARN] access - ::1 - - "GET /active/api HTTP/1.1" 304 - "http://localhost:3000/" "Mozilla/5.0 (Windows NT 10.0; WOW64) AppleWebKit/537.36 (KHTML, like Gecko) Chrome/52.0.2743.82 Safari/537.36"
[2018-01-23 19:07:01.496] [WARN] access - ::1 - - "GET / HTTP/1.1" 304 - "" "Mozilla/5.0 (Windows NT 10.0; WOW64) AppleWebKit/537.36 (KHTML, like Gecko) Chrome/52.0.2743.82 Safari/537.36"
[2018-01-23 19:07:02.040] [WARN] access - ::1 - - "GET /active/api HTTP/1.1" 304 - "http://localhost:3000/" "Mozilla/5.0 (Windows NT 10.0; WOW64) AppleWebKit/537.36 (KHTML, like Gecko) Chrome/52.0.2743.82 Safari/537.36"
[2018-01-23 19:09:21.548] [INFO] access - ::1 - - "GET /form HTTP/1.1" 200 - "" "Mozilla/5.0 (Windows NT 10.0; WOW64) AppleWebKit/537.36 (KHTML, like Gecko) Chrome/52.0.2743.82 Safari/537.36"
[2018-01-23 19:09:22.121] [WARN] access - ::1 - - "GET /active/api HTTP/1.1" 304 - "http://localhost:3000/form" "Mozilla/5.0 (Windows NT 10.0; WOW64) AppleWebKit/537.36 (KHTML, like Gecko) Chrome/52.0.2743.82 Safari/537.36"
[2018-01-23 19:09:45.114] [INFO] access - ::1 - - "GET /form HTTP/1.1" 200 - "" "Mozilla/5.0 (Windows NT 10.0; WOW64) AppleWebKit/537.36 (KHTML, like Gecko) Chrome/52.0.2743.82 Safari/537.36"
[2018-01-23 19:09:45.643] [WARN] access - ::1 - - "GET /active/api HTTP/1.1" 304 - "http://localhost:3000/form" "Mozilla/5.0 (Windows NT 10.0; WOW64) AppleWebKit/537.36 (KHTML, like Gecko) Chrome/52.0.2743.82 Safari/537.36"
