[2018-01-22 15:35:06.382] [INFO] access - ::1 - - "GET / HTTP/1.1" 200 - "" "Mozilla/5.0 (Windows NT 10.0; WOW64) AppleWebKit/537.36 (KHTML, like Gecko) Chrome/52.0.2743.82 Safari/537.36"
[2018-01-22 15:35:06.562] [WARN] access - ::1 - - "GET / HTTP/1.1" 304 - "" "Mozilla/5.0 (Windows NT 10.0; WOW64) AppleWebKit/537.36 (KHTML, like Gecko) Chrome/52.0.2743.82 Safari/537.36"
[2018-01-22 15:35:07.162] [INFO] access - ::1 - - "GET /active/api HTTP/1.1" 200 34 "http://localhost:3000/" "Mozilla/5.0 (Windows NT 10.0; WOW64) AppleWebKit/537.36 (KHTML, like Gecko) Chrome/52.0.2743.82 Safari/537.36"
[2018-01-22 15:35:07.180] [ERROR] access - ::1 - - "GET /public/logo-48.png HTTP/1.1" 404 20 "http://localhost:3000/" "Mozilla/5.0 (Windows NT 10.0; WOW64) AppleWebKit/537.36 (KHTML, like Gecko) Chrome/52.0.2743.82 Safari/537.36"
[2018-01-22 15:35:07.492] [INFO] access - ::1 - - "GET /active/api/public/banner/myf/list HTTP/1.1" 200 962 "http://localhost:3000/" "Mozilla/5.0 (Windows NT 10.0; WOW64) AppleWebKit/537.36 (KHTML, like Gecko) Chrome/52.0.2743.82 Safari/537.36"
[2018-01-22 15:35:12.215] [INFO] access - ::1 - - "GET /login HTTP/1.1" 200 - "" "Mozilla/5.0 (Windows NT 10.0; WOW64) AppleWebKit/537.36 (KHTML, like Gecko) Chrome/52.0.2743.82 Safari/537.36"
[2018-01-22 15:35:12.399] [WARN] access - ::1 - - "GET /active/api HTTP/1.1" 304 - "http://localhost:3000/login" "Mozilla/5.0 (Windows NT 10.0; WOW64) AppleWebKit/537.36 (KHTML, like Gecko) Chrome/52.0.2743.82 Safari/537.36"
[2018-01-22 15:35:39.629] [WARN] access - ::1 - - "GET /login HTTP/1.1" 304 - "" "Mozilla/5.0 (Windows NT 10.0; WOW64) AppleWebKit/537.36 (KHTML, like Gecko) Chrome/52.0.2743.82 Safari/537.36"
[2018-01-22 15:35:39.769] [WARN] access - ::1 - - "GET /active/api HTTP/1.1" 304 - "http://localhost:3000/login" "Mozilla/5.0 (Windows NT 10.0; WOW64) AppleWebKit/537.36 (KHTML, like Gecko) Chrome/52.0.2743.82 Safari/537.36"
[2018-01-22 15:35:41.415] [INFO] access - ::1 - - "GET /login HTTP/1.1" 200 - "" "Mozilla/5.0 (Windows NT 10.0; WOW64) AppleWebKit/537.36 (KHTML, like Gecko) Chrome/52.0.2743.82 Safari/537.36"
[2018-01-22 15:35:41.657] [INFO] access - ::1 - - "GET /active/api HTTP/1.1" 200 34 "http://localhost:3000/login" "Mozilla/5.0 (Windows NT 10.0; WOW64) AppleWebKit/537.36 (KHTML, like Gecko) Chrome/52.0.2743.82 Safari/537.36"
[2018-01-22 15:35:44.077] [INFO] access - ::1 - - "GET / HTTP/1.1" 200 - "" "Mozilla/5.0 (Windows NT 10.0; WOW64) AppleWebKit/537.36 (KHTML, like Gecko) Chrome/52.0.2743.82 Safari/537.36"
[2018-01-22 15:35:44.413] [WARN] access - ::1 - - "GET /active/api HTTP/1.1" 304 - "http://localhost:3000/" "Mozilla/5.0 (Windows NT 10.0; WOW64) AppleWebKit/537.36 (KHTML, like Gecko) Chrome/52.0.2743.82 Safari/537.36"
[2018-01-22 15:35:44.508] [INFO] access - ::1 - - "GET /active/api/public/banner/myf/list HTTP/1.1" 200 962 "http://localhost:3000/" "Mozilla/5.0 (Windows NT 10.0; WOW64) AppleWebKit/537.36 (KHTML, like Gecko) Chrome/52.0.2743.82 Safari/537.36"
[2018-01-22 15:35:49.464] [WARN] access - ::1 - - "GET /login HTTP/1.1" 304 - "" "Mozilla/5.0 (Windows NT 10.0; WOW64) AppleWebKit/537.36 (KHTML, like Gecko) Chrome/52.0.2743.82 Safari/537.36"
[2018-01-22 15:35:49.690] [WARN] access - ::1 - - "GET /active/api HTTP/1.1" 304 - "http://localhost:3000/login" "Mozilla/5.0 (Windows NT 10.0; WOW64) AppleWebKit/537.36 (KHTML, like Gecko) Chrome/52.0.2743.82 Safari/537.36"
[2018-01-22 15:36:05.349] [INFO] access - ::1 - - "POST /active/api/public/user/login HTTP/1.1" 200 810 "http://localhost:3000/login" "Mozilla/5.0 (Windows NT 10.0; WOW64) AppleWebKit/537.36 (KHTML, like Gecko) Chrome/52.0.2743.82 Safari/537.36"
[2018-01-22 15:36:05.679] [INFO] access - ::1 - - "POST /active/api/public/user/login HTTP/1.1" 200 810 "http://localhost:3000/login" "Mozilla/5.0 (Windows NT 10.0; WOW64) AppleWebKit/537.36 (KHTML, like Gecko) Chrome/52.0.2743.82 Safari/537.36"
[2018-01-22 17:00:16.868] [ERROR] access - ::1 - - "GET /dist/96024d1b72893cde3f86.hot-update.json HTTP/1.1" 404 20 "http://localhost:3000/login" "Mozilla/5.0 (Windows NT 10.0; WOW64) AppleWebKit/537.36 (KHTML, like Gecko) Chrome/52.0.2743.82 Safari/537.36"
[2018-01-22 17:00:26.585] [INFO] access - ::1 - - "GET /login HTTP/1.1" 200 - "" "Mozilla/5.0 (Windows NT 10.0; WOW64) AppleWebKit/537.36 (KHTML, like Gecko) Chrome/52.0.2743.82 Safari/537.36"
[2018-01-22 17:00:27.929] [WARN] access - ::1 - - "GET /active/api HTTP/1.1" 304 - "http://localhost:3000/login" "Mozilla/5.0 (Windows NT 10.0; WOW64) AppleWebKit/537.36 (KHTML, like Gecko) Chrome/52.0.2743.82 Safari/537.36"
[2018-01-22 17:03:29.721] [INFO] access - ::1 - - "POST /active/api/public/user/login HTTP/1.1" 200 810 "http://localhost:3000/login" "Mozilla/5.0 (Windows NT 10.0; WOW64) AppleWebKit/537.36 (KHTML, like Gecko) Chrome/52.0.2743.82 Safari/537.36"
[2018-01-22 17:03:31.880] [WARN] access - ::1 - - "GET /login HTTP/1.1" 304 - "" "Mozilla/5.0 (Windows NT 10.0; WOW64) AppleWebKit/537.36 (KHTML, like Gecko) Chrome/52.0.2743.82 Safari/537.36"
[2018-01-22 17:03:32.053] [WARN] access - ::1 - - "GET /active/api HTTP/1.1" 304 - "http://localhost:3000/login" "Mozilla/5.0 (Windows NT 10.0; WOW64) AppleWebKit/537.36 (KHTML, like Gecko) Chrome/52.0.2743.82 Safari/537.36"
[2018-01-22 17:03:37.401] [INFO] access - ::1 - - "GET /login HTTP/1.1" 200 - "" "Mozilla/5.0 (Windows NT 10.0; WOW64) AppleWebKit/537.36 (KHTML, like Gecko) Chrome/52.0.2743.82 Safari/537.36"
[2018-01-22 17:03:37.701] [INFO] access - ::1 - - "GET /active/api HTTP/1.1" 200 34 "http://localhost:3000/login" "Mozilla/5.0 (Windows NT 10.0; WOW64) AppleWebKit/537.36 (KHTML, like Gecko) Chrome/52.0.2743.82 Safari/537.36"
[2018-01-22 17:09:37.676] [INFO] access - ::1 - - "GET /login HTTP/1.1" 200 - "" "Mozilla/5.0 (Windows NT 10.0; WOW64) AppleWebKit/537.36 (KHTML, like Gecko) Chrome/52.0.2743.82 Safari/537.36"
[2018-01-22 17:09:37.940] [WARN] access - ::1 - - "GET /active/api HTTP/1.1" 304 - "http://localhost:3000/login" "Mozilla/5.0 (Windows NT 10.0; WOW64) AppleWebKit/537.36 (KHTML, like Gecko) Chrome/52.0.2743.82 Safari/537.36"
[2018-01-22 17:21:03.734] [INFO] access - ::1 - - "GET /login HTTP/1.1" 200 - "" "Mozilla/5.0 (Windows NT 10.0; WOW64) AppleWebKit/537.36 (KHTML, like Gecko) Chrome/52.0.2743.82 Safari/537.36"
[2018-01-22 17:21:03.998] [WARN] access - ::1 - - "GET /active/api HTTP/1.1" 304 - "http://localhost:3000/login" "Mozilla/5.0 (Windows NT 10.0; WOW64) AppleWebKit/537.36 (KHTML, like Gecko) Chrome/52.0.2743.82 Safari/537.36"
[2018-01-22 17:21:05.892] [INFO] access - ::1 - - "GET / HTTP/1.1" 200 - "" "Mozilla/5.0 (Windows NT 10.0; WOW64) AppleWebKit/537.36 (KHTML, like Gecko) Chrome/52.0.2743.82 Safari/537.36"
[2018-01-22 17:21:06.097] [WARN] access - ::1 - - "GET /active/api HTTP/1.1" 304 - "http://localhost:3000/" "Mozilla/5.0 (Windows NT 10.0; WOW64) AppleWebKit/537.36 (KHTML, like Gecko) Chrome/52.0.2743.82 Safari/537.36"
[2018-01-22 17:21:06.249] [INFO] access - ::1 - - "GET /active/api/public/banner/myf/list HTTP/1.1" 200 962 "http://localhost:3000/" "Mozilla/5.0 (Windows NT 10.0; WOW64) AppleWebKit/537.36 (KHTML, like Gecko) Chrome/52.0.2743.82 Safari/537.36"
[2018-01-22 17:25:00.724] [WARN] access - ::1 - - "GET / HTTP/1.1" 304 - "" "Mozilla/5.0 (Windows NT 10.0; WOW64) AppleWebKit/537.36 (KHTML, like Gecko) Chrome/52.0.2743.82 Safari/537.36"
[2018-01-22 17:25:00.945] [WARN] access - ::1 - - "GET /active/api HTTP/1.1" 304 - "http://localhost:3000/" "Mozilla/5.0 (Windows NT 10.0; WOW64) AppleWebKit/537.36 (KHTML, like Gecko) Chrome/52.0.2743.82 Safari/537.36"
[2018-01-22 17:25:01.024] [WARN] access - ::1 - - "GET /active/api/public/banner/myf/list HTTP/1.1" 304 - "http://localhost:3000/" "Mozilla/5.0 (Windows NT 10.0; WOW64) AppleWebKit/537.36 (KHTML, like Gecko) Chrome/52.0.2743.82 Safari/537.36"
[2018-01-22 17:55:21.543] [INFO] access - ::1 - - "GET / HTTP/1.1" 200 - "" "Mozilla/5.0 (Windows NT 10.0; WOW64) AppleWebKit/537.36 (KHTML, like Gecko) Chrome/52.0.2743.82 Safari/537.36"
[2018-01-22 17:55:21.877] [INFO] access - ::1 - - "GET /active/api HTTP/1.1" 200 34 "http://localhost:3000/" "Mozilla/5.0 (Windows NT 10.0; WOW64) AppleWebKit/537.36 (KHTML, like Gecko) Chrome/52.0.2743.82 Safari/537.36"
[2018-01-22 17:59:41.370] [INFO] access - ::1 - - "GET / HTTP/1.1" 200 - "" "Mozilla/5.0 (Windows NT 10.0; WOW64) AppleWebKit/537.36 (KHTML, like Gecko) Chrome/52.0.2743.82 Safari/537.36"
[2018-01-22 17:59:42.051] [WARN] access - ::1 - - "GET /active/api HTTP/1.1" 304 - "http://localhost:3000/" "Mozilla/5.0 (Windows NT 10.0; WOW64) AppleWebKit/537.36 (KHTML, like Gecko) Chrome/52.0.2743.82 Safari/537.36"
[2018-01-22 18:00:02.713] [WARN] access - ::1 - - "GET / HTTP/1.1" 304 - "" "Mozilla/5.0 (Windows NT 10.0; WOW64) AppleWebKit/537.36 (KHTML, like Gecko) Chrome/52.0.2743.82 Safari/537.36"
[2018-01-22 18:00:02.904] [WARN] access - ::1 - - "GET /active/api HTTP/1.1" 304 - "http://localhost:3000/" "Mozilla/5.0 (Windows NT 10.0; WOW64) AppleWebKit/537.36 (KHTML, like Gecko) Chrome/52.0.2743.82 Safari/537.36"
[2018-01-22 18:00:07.916] [INFO] access - ::1 - - "GET / HTTP/1.1" 200 - "" "Mozilla/5.0 (Windows NT 10.0; WOW64) AppleWebKit/537.36 (KHTML, like Gecko) Chrome/52.0.2743.82 Safari/537.36"
[2018-01-22 18:00:08.143] [INFO] access - ::1 - - "GET /active/api HTTP/1.1" 200 34 "http://localhost:3000/" "Mozilla/5.0 (Windows NT 10.0; WOW64) AppleWebKit/537.36 (KHTML, like Gecko) Chrome/52.0.2743.82 Safari/537.36"
[2018-01-22 18:05:19.676] [INFO] access - ::1 - - "GET / HTTP/1.1" 200 - "" "Mozilla/5.0 (Windows NT 10.0; WOW64) AppleWebKit/537.36 (KHTML, like Gecko) Chrome/52.0.2743.82 Safari/537.36"
[2018-01-22 18:05:19.872] [WARN] access - ::1 - - "GET /active/api HTTP/1.1" 304 - "http://localhost:3000/" "Mozilla/5.0 (Windows NT 10.0; WOW64) AppleWebKit/537.36 (KHTML, like Gecko) Chrome/52.0.2743.82 Safari/537.36"
[2018-01-22 18:05:20.705] [WARN] access - ::1 - - "GET / HTTP/1.1" 304 - "" "Mozilla/5.0 (Windows NT 10.0; WOW64) AppleWebKit/537.36 (KHTML, like Gecko) Chrome/52.0.2743.82 Safari/537.36"
[2018-01-22 18:05:20.906] [WARN] access - ::1 - - "GET /active/api HTTP/1.1" 304 - "http://localhost:3000/" "Mozilla/5.0 (Windows NT 10.0; WOW64) AppleWebKit/537.36 (KHTML, like Gecko) Chrome/52.0.2743.82 Safari/537.36"
[2018-01-22 18:05:32.420] [WARN] access - ::1 - - "GET / HTTP/1.1" 304 - "" "Mozilla/5.0 (Windows NT 10.0; WOW64) AppleWebKit/537.36 (KHTML, like Gecko) Chrome/52.0.2743.82 Safari/537.36"
[2018-01-22 18:05:32.612] [WARN] access - ::1 - - "GET /active/api HTTP/1.1" 304 - "http://localhost:3000/" "Mozilla/5.0 (Windows NT 10.0; WOW64) AppleWebKit/537.36 (KHTML, like Gecko) Chrome/52.0.2743.82 Safari/537.36"
[2018-01-22 18:05:34.511] [INFO] access - ::1 - - "GET / HTTP/1.1" 200 - "" "Mozilla/5.0 (Windows NT 10.0; WOW64) AppleWebKit/537.36 (KHTML, like Gecko) Chrome/52.0.2743.82 Safari/537.36"
[2018-01-22 18:05:34.743] [INFO] access - ::1 - - "GET /active/api HTTP/1.1" 200 34 "http://localhost:3000/" "Mozilla/5.0 (Windows NT 10.0; WOW64) AppleWebKit/537.36 (KHTML, like Gecko) Chrome/52.0.2743.82 Safari/537.36"
[2018-01-22 18:06:47.379] [WARN] access - ::1 - - "GET / HTTP/1.1" 304 - "" "Mozilla/5.0 (Windows NT 10.0; WOW64) AppleWebKit/537.36 (KHTML, like Gecko) Chrome/52.0.2743.82 Safari/537.36"
[2018-01-22 18:06:47.640] [WARN] access - ::1 - - "GET /active/api HTTP/1.1" 304 - "http://localhost:3000/" "Mozilla/5.0 (Windows NT 10.0; WOW64) AppleWebKit/537.36 (KHTML, like Gecko) Chrome/52.0.2743.82 Safari/537.36"
[2018-01-22 18:07:21.973] [INFO] access - ::1 - - "GET / HTTP/1.1" 200 - "" "Mozilla/5.0 (Windows NT 10.0; WOW64) AppleWebKit/537.36 (KHTML, like Gecko) Chrome/52.0.2743.82 Safari/537.36"
[2018-01-22 18:07:22.327] [WARN] access - ::1 - - "GET /active/api HTTP/1.1" 304 - "http://localhost:3000/" "Mozilla/5.0 (Windows NT 10.0; WOW64) AppleWebKit/537.36 (KHTML, like Gecko) Chrome/52.0.2743.82 Safari/537.36"
[2018-01-22 18:12:49.154] [INFO] access - ::1 - - "GET /login HTTP/1.1" 200 - "" "Mozilla/5.0 (Windows NT 10.0; WOW64) AppleWebKit/537.36 (KHTML, like Gecko) Chrome/52.0.2743.82 Safari/537.36"
[2018-01-22 18:12:49.466] [WARN] access - ::1 - - "GET /active/api HTTP/1.1" 304 - "http://localhost:3000/login" "Mozilla/5.0 (Windows NT 10.0; WOW64) AppleWebKit/537.36 (KHTML, like Gecko) Chrome/52.0.2743.82 Safari/537.36"
[2018-01-22 18:34:58.579] [WARN] access - ::1 - - "GET /login HTTP/1.1" 304 - "" "Mozilla/5.0 (Windows NT 10.0; WOW64) AppleWebKit/537.36 (KHTML, like Gecko) Chrome/52.0.2743.82 Safari/537.36"
[2018-01-22 18:34:58.762] [WARN] access - ::1 - - "GET /active/api HTTP/1.1" 304 - "http://localhost:3000/login" "Mozilla/5.0 (Windows NT 10.0; WOW64) AppleWebKit/537.36 (KHTML, like Gecko) Chrome/52.0.2743.82 Safari/537.36"
[2018-01-22 18:35:04.251] [INFO] access - ::1 - - "POST /active/api/public/user/login HTTP/1.1" 200 52 "http://localhost:3000/login" "Mozilla/5.0 (Windows NT 10.0; WOW64) AppleWebKit/537.36 (KHTML, like Gecko) Chrome/52.0.2743.82 Safari/537.36"
[2018-01-22 18:35:05.110] [INFO] access - ::1 - - "POST /active/api/public/user/login HTTP/1.1" 200 52 "http://localhost:3000/login" "Mozilla/5.0 (Windows NT 10.0; WOW64) AppleWebKit/537.36 (KHTML, like Gecko) Chrome/52.0.2743.82 Safari/537.36"
[2018-01-22 18:35:08.350] [INFO] access - ::1 - - "POST /active/api/public/user/login HTTP/1.1" 200 52 "http://localhost:3000/login" "Mozilla/5.0 (Windows NT 10.0; WOW64) AppleWebKit/537.36 (KHTML, like Gecko) Chrome/52.0.2743.82 Safari/537.36"
[2018-01-22 18:35:08.637] [INFO] access - ::1 - - "POST /active/api/public/user/login HTTP/1.1" 200 52 "http://localhost:3000/login" "Mozilla/5.0 (Windows NT 10.0; WOW64) AppleWebKit/537.36 (KHTML, like Gecko) Chrome/52.0.2743.82 Safari/537.36"
[2018-01-22 18:45:30.710] [INFO] access - ::1 - - "GET /login HTTP/1.1" 200 - "" "Mozilla/5.0 (Windows NT 10.0; WOW64) AppleWebKit/537.36 (KHTML, like Gecko) Chrome/52.0.2743.82 Safari/537.36"
[2018-01-22 18:45:30.928] [WARN] access - ::1 - - "GET /active/api HTTP/1.1" 304 - "http://localhost:3000/login" "Mozilla/5.0 (Windows NT 10.0; WOW64) AppleWebKit/537.36 (KHTML, like Gecko) Chrome/52.0.2743.82 Safari/537.36"
[2018-01-22 18:45:33.331] [ERROR] access - ::1 - - "GET / HTTP/1.1" 500 27 "" "Mozilla/5.0 (Windows NT 10.0; WOW64) AppleWebKit/537.36 (KHTML, like Gecko) Chrome/52.0.2743.82 Safari/537.36"
[2018-01-22 18:45:33.906] [ERROR] access - ::1 - - "GET / HTTP/1.1" 500 27 "" "Mozilla/5.0 (Windows NT 10.0; WOW64) AppleWebKit/537.36 (KHTML, like Gecko) Chrome/52.0.2743.82 Safari/537.36"
[2018-01-22 18:45:36.932] [ERROR] access - ::1 - - "GET / HTTP/1.1" 500 27 "" "Mozilla/5.0 (Windows NT 10.0; WOW64) AppleWebKit/537.36 (KHTML, like Gecko) Chrome/52.0.2743.82 Safari/537.36"
[2018-01-22 18:48:06.819] [INFO] access - ::1 - - "GET / HTTP/1.1" 200 - "" "Mozilla/5.0 (Windows NT 10.0; WOW64) AppleWebKit/537.36 (KHTML, like Gecko) Chrome/52.0.2743.82 Safari/537.36"
[2018-01-22 18:48:07.058] [WARN] access - ::1 - - "GET /active/api HTTP/1.1" 304 - "http://localhost:3000/" "Mozilla/5.0 (Windows NT 10.0; WOW64) AppleWebKit/537.36 (KHTML, like Gecko) Chrome/52.0.2743.82 Safari/537.36"
[2018-01-22 18:54:32.665] [WARN] access - ::1 - - "GET / HTTP/1.1" 304 - "" "Mozilla/5.0 (Windows NT 10.0; WOW64) AppleWebKit/537.36 (KHTML, like Gecko) Chrome/52.0.2743.82 Safari/537.36"
[2018-01-22 18:54:32.858] [WARN] access - ::1 - - "GET /active/api HTTP/1.1" 304 - "http://localhost:3000/" "Mozilla/5.0 (Windows NT 10.0; WOW64) AppleWebKit/537.36 (KHTML, like Gecko) Chrome/52.0.2743.82 Safari/537.36"
[2018-01-22 18:54:35.130] [WARN] access - ::1 - - "GET / HTTP/1.1" 304 - "" "Mozilla/5.0 (Windows NT 10.0; WOW64) AppleWebKit/537.36 (KHTML, like Gecko) Chrome/52.0.2743.82 Safari/537.36"
[2018-01-22 18:54:35.320] [WARN] access - ::1 - - "GET /active/api HTTP/1.1" 304 - "http://localhost:3000/" "Mozilla/5.0 (Windows NT 10.0; WOW64) AppleWebKit/537.36 (KHTML, like Gecko) Chrome/52.0.2743.82 Safari/537.36"
[2018-01-22 18:54:44.170] [INFO] access - ::1 - - "GET / HTTP/1.1" 200 - "" "Mozilla/5.0 (Windows NT 10.0; WOW64) AppleWebKit/537.36 (KHTML, like Gecko) Chrome/52.0.2743.82 Safari/537.36"
[2018-01-22 18:54:44.418] [INFO] access - ::1 - - "GET /active/api HTTP/1.1" 200 34 "http://localhost:3000/" "Mozilla/5.0 (Windows NT 10.0; WOW64) AppleWebKit/537.36 (KHTML, like Gecko) Chrome/52.0.2743.82 Safari/537.36"
[2018-01-22 18:57:27.289] [INFO] access - ::1 - - "GET / HTTP/1.1" 200 - "" "Mozilla/5.0 (Windows NT 10.0; WOW64) AppleWebKit/537.36 (KHTML, like Gecko) Chrome/52.0.2743.82 Safari/537.36"
[2018-01-22 18:57:27.996] [INFO] access - ::1 - - "GET /active/api HTTP/1.1" 200 34 "http://localhost:3000/" "Mozilla/5.0 (Windows NT 10.0; WOW64) AppleWebKit/537.36 (KHTML, like Gecko) Chrome/52.0.2743.82 Safari/537.36"
[2018-01-22 18:57:40.540] [INFO] access - ::1 - - "GET / HTTP/1.1" 200 - "" "Mozilla/5.0 (Windows NT 10.0; WOW64) AppleWebKit/537.36 (KHTML, like Gecko) Chrome/52.0.2743.82 Safari/537.36"
[2018-01-22 18:57:41.299] [INFO] access - ::1 - - "GET /active/api HTTP/1.1" 200 34 "http://localhost:3000/" "Mozilla/5.0 (Windows NT 10.0; WOW64) AppleWebKit/537.36 (KHTML, like Gecko) Chrome/52.0.2743.82 Safari/537.36"
