[2018-01-25 10:09:56.062] [INFO] access - ::1 - - "GET / HTTP/1.1" 200 - "" "Mozilla/5.0 (Windows NT 10.0; WOW64) AppleWebKit/537.36 (KHTML, like Gecko) Chrome/52.0.2743.82 Safari/537.36"
[2018-01-25 10:09:56.372] [WARN] access - ::1 - - "GET /active/api HTTP/1.1" 304 - "http://localhost:3000/" "Mozilla/5.0 (Windows NT 10.0; WOW64) AppleWebKit/537.36 (KHTML, like Gecko) Chrome/52.0.2743.82 Safari/537.36"
[2018-01-25 10:10:29.359] [INFO] access - ::1 - - "GET / HTTP/1.1" 200 - "" "Mozilla/5.0 (Windows NT 10.0; WOW64) AppleWebKit/537.36 (KHTML, like Gecko) Chrome/52.0.2743.82 Safari/537.36"
[2018-01-25 10:10:29.668] [WARN] access - ::1 - - "GET /active/api HTTP/1.1" 304 - "http://localhost:3000/" "Mozilla/5.0 (Windows NT 10.0; WOW64) AppleWebKit/537.36 (KHTML, like Gecko) Chrome/52.0.2743.82 Safari/537.36"
[2018-01-25 10:14:47.787] [ERROR] access - ::1 - - "GET /dist/028d8369f86e932a419d.hot-update.json HTTP/1.1" 404 20 "http://localhost:3000/" "Mozilla/5.0 (Windows NT 10.0; WOW64) AppleWebKit/537.36 (KHTML, like Gecko) Chrome/52.0.2743.82 Safari/537.36"
[2018-01-25 10:16:41.104] [ERROR] access - ::1 - - "GET /dist/028d8369f86e932a419d.hot-update.json HTTP/1.1" 404 20 "http://localhost:3000/" "Mozilla/5.0 (Windows NT 10.0; WOW64) AppleWebKit/537.36 (KHTML, like Gecko) Chrome/52.0.2743.82 Safari/537.36"
[2018-01-25 10:16:45.366] [INFO] access - ::1 - - "GET / HTTP/1.1" 200 - "" "Mozilla/5.0 (Windows NT 10.0; WOW64) AppleWebKit/537.36 (KHTML, like Gecko) Chrome/52.0.2743.82 Safari/537.36"
[2018-01-25 10:16:46.020] [INFO] access - ::1 - - "GET /active/api HTTP/1.1" 200 34 "http://localhost:3000/" "Mozilla/5.0 (Windows NT 10.0; WOW64) AppleWebKit/537.36 (KHTML, like Gecko) Chrome/52.0.2743.82 Safari/537.36"
[2018-01-25 10:20:48.918] [INFO] access - ::1 - - "GET / HTTP/1.1" 200 - "" "Mozilla/5.0 (Windows NT 10.0; WOW64) AppleWebKit/537.36 (KHTML, like Gecko) Chrome/52.0.2743.82 Safari/537.36"
[2018-01-25 10:20:49.508] [INFO] access - ::1 - - "GET /active/api HTTP/1.1" 200 34 "http://localhost:3000/" "Mozilla/5.0 (Windows NT 10.0; WOW64) AppleWebKit/537.36 (KHTML, like Gecko) Chrome/52.0.2743.82 Safari/537.36"
[2018-01-25 10:21:03.859] [INFO] access - ::1 - - "GET / HTTP/1.1" 200 - "" "Mozilla/5.0 (Windows NT 10.0; WOW64) AppleWebKit/537.36 (KHTML, like Gecko) Chrome/52.0.2743.82 Safari/537.36"
[2018-01-25 10:21:04.455] [INFO] access - ::1 - - "GET /active/api HTTP/1.1" 200 34 "http://localhost:3000/" "Mozilla/5.0 (Windows NT 10.0; WOW64) AppleWebKit/537.36 (KHTML, like Gecko) Chrome/52.0.2743.82 Safari/537.36"
[2018-01-25 10:21:06.065] [INFO] access - ::1 - - "GET / HTTP/1.1" 200 - "" "Mozilla/5.0 (Windows NT 10.0; WOW64) AppleWebKit/537.36 (KHTML, like Gecko) Chrome/52.0.2743.82 Safari/537.36"
[2018-01-25 10:21:06.631] [INFO] access - ::1 - - "GET /active/api HTTP/1.1" 200 34 "http://localhost:3000/" "Mozilla/5.0 (Windows NT 10.0; WOW64) AppleWebKit/537.36 (KHTML, like Gecko) Chrome/52.0.2743.82 Safari/537.36"
[2018-01-25 10:21:43.501] [INFO] access - ::1 - - "GET / HTTP/1.1" 200 - "" "Mozilla/5.0 (Windows NT 10.0; WOW64) AppleWebKit/537.36 (KHTML, like Gecko) Chrome/52.0.2743.82 Safari/537.36"
[2018-01-25 10:21:44.091] [INFO] access - ::1 - - "GET /active/api HTTP/1.1" 200 34 "http://localhost:3000/" "Mozilla/5.0 (Windows NT 10.0; WOW64) AppleWebKit/537.36 (KHTML, like Gecko) Chrome/52.0.2743.82 Safari/537.36"
[2018-01-25 10:23:43.283] [INFO] access - ::1 - - "GET / HTTP/1.1" 200 - "" "Mozilla/5.0 (Windows NT 10.0; WOW64) AppleWebKit/537.36 (KHTML, like Gecko) Chrome/52.0.2743.82 Safari/537.36"
[2018-01-25 10:23:44.065] [INFO] access - ::1 - - "GET /active/api HTTP/1.1" 200 34 "http://localhost:3000/" "Mozilla/5.0 (Windows NT 10.0; WOW64) AppleWebKit/537.36 (KHTML, like Gecko) Chrome/52.0.2743.82 Safari/537.36"
[2018-01-25 10:26:25.755] [INFO] access - ::1 - - "GET / HTTP/1.1" 200 - "" "Mozilla/5.0 (Windows NT 10.0; WOW64) AppleWebKit/537.36 (KHTML, like Gecko) Chrome/52.0.2743.82 Safari/537.36"
[2018-01-25 10:26:26.399] [INFO] access - ::1 - - "GET /active/api HTTP/1.1" 200 34 "http://localhost:3000/" "Mozilla/5.0 (Windows NT 10.0; WOW64) AppleWebKit/537.36 (KHTML, like Gecko) Chrome/52.0.2743.82 Safari/537.36"
[2018-01-25 10:28:16.022] [ERROR] access - ::1 - - "GET /dist/870d9fb56c1d29f1aaf6.hot-update.json HTTP/1.1" 404 20 "http://localhost:3000/" "Mozilla/5.0 (Windows NT 10.0; WOW64) AppleWebKit/537.36 (KHTML, like Gecko) Chrome/52.0.2743.82 Safari/537.36"
[2018-01-25 10:28:23.131] [INFO] access - ::1 - - "GET / HTTP/1.1" 200 - "" "Mozilla/5.0 (Windows NT 10.0; WOW64) AppleWebKit/537.36 (KHTML, like Gecko) Chrome/52.0.2743.82 Safari/537.36"
[2018-01-25 10:28:23.877] [INFO] access - ::1 - - "GET /active/api HTTP/1.1" 200 34 "http://localhost:3000/" "Mozilla/5.0 (Windows NT 10.0; WOW64) AppleWebKit/537.36 (KHTML, like Gecko) Chrome/52.0.2743.82 Safari/537.36"
[2018-01-25 10:34:00.695] [INFO] access - ::1 - - "GET / HTTP/1.1" 200 - "" "Mozilla/5.0 (Windows NT 10.0; WOW64) AppleWebKit/537.36 (KHTML, like Gecko) Chrome/52.0.2743.82 Safari/537.36"
[2018-01-25 10:34:01.196] [WARN] access - ::1 - - "GET /active/api HTTP/1.1" 304 - "http://localhost:3000/" "Mozilla/5.0 (Windows NT 10.0; WOW64) AppleWebKit/537.36 (KHTML, like Gecko) Chrome/52.0.2743.82 Safari/537.36"
[2018-01-25 10:34:36.108] [INFO] access - ::1 - - "GET / HTTP/1.1" 200 - "" "Mozilla/5.0 (Windows NT 10.0; WOW64) AppleWebKit/537.36 (KHTML, like Gecko) Chrome/52.0.2743.82 Safari/537.36"
[2018-01-25 10:34:36.702] [INFO] access - ::1 - - "GET /active/api HTTP/1.1" 200 34 "http://localhost:3000/" "Mozilla/5.0 (Windows NT 10.0; WOW64) AppleWebKit/537.36 (KHTML, like Gecko) Chrome/52.0.2743.82 Safari/537.36"
[2018-01-25 10:34:44.973] [INFO] access - ::1 - - "GET / HTTP/1.1" 200 - "" "Mozilla/5.0 (Windows NT 10.0; WOW64) AppleWebKit/537.36 (KHTML, like Gecko) Chrome/52.0.2743.82 Safari/537.36"
[2018-01-25 10:34:45.510] [WARN] access - ::1 - - "GET /active/api HTTP/1.1" 304 - "http://localhost:3000/" "Mozilla/5.0 (Windows NT 10.0; WOW64) AppleWebKit/537.36 (KHTML, like Gecko) Chrome/52.0.2743.82 Safari/537.36"
[2018-01-25 10:36:00.877] [INFO] access - ::1 - - "GET / HTTP/1.1" 200 - "" "Mozilla/5.0 (Windows NT 10.0; WOW64) AppleWebKit/537.36 (KHTML, like Gecko) Chrome/52.0.2743.82 Safari/537.36"
[2018-01-25 10:36:01.496] [INFO] access - ::1 - - "GET /active/api HTTP/1.1" 200 34 "http://localhost:3000/" "Mozilla/5.0 (Windows NT 10.0; WOW64) AppleWebKit/537.36 (KHTML, like Gecko) Chrome/52.0.2743.82 Safari/537.36"
[2018-01-25 10:56:46.319] [INFO] access - ::1 - - "GET / HTTP/1.1" 200 - "" "Mozilla/5.0 (Windows NT 10.0; WOW64) AppleWebKit/537.36 (KHTML, like Gecko) Chrome/52.0.2743.82 Safari/537.36"
[2018-01-25 10:56:47.039] [INFO] access - ::1 - - "GET /active/api HTTP/1.1" 200 34 "http://localhost:3000/" "Mozilla/5.0 (Windows NT 10.0; WOW64) AppleWebKit/537.36 (KHTML, like Gecko) Chrome/52.0.2743.82 Safari/537.36"
[2018-01-25 11:05:01.927] [ERROR] access - ::ffff:127.0.0.1 - - "GET /dist/a9e193108157783ae8d6.hot-update.json HTTP/1.1" 404 20 "http://localhost:3000/" "Mozilla/5.0 (Windows NT 10.0; WOW64) AppleWebKit/537.36 (KHTML, like Gecko) Chrome/52.0.2743.82 Safari/537.36"
[2018-01-25 11:06:33.643] [INFO] access - ::1 - - "GET / HTTP/1.1" 200 - "" "Mozilla/5.0 (Windows NT 10.0; WOW64) AppleWebKit/537.36 (KHTML, like Gecko) Chrome/52.0.2743.82 Safari/537.36"
[2018-01-25 11:06:34.487] [INFO] access - ::1 - - "GET /active/api HTTP/1.1" 200 34 "http://localhost:3000/" "Mozilla/5.0 (Windows NT 10.0; WOW64) AppleWebKit/537.36 (KHTML, like Gecko) Chrome/52.0.2743.82 Safari/537.36"
[2018-01-25 11:06:50.941] [INFO] access - ::1 - - "GET /template HTTP/1.1" 200 - "" "Mozilla/5.0 (Windows NT 10.0; WOW64) AppleWebKit/537.36 (KHTML, like Gecko) Chrome/52.0.2743.82 Safari/537.36"
[2018-01-25 11:06:51.563] [WARN] access - ::1 - - "GET /active/api HTTP/1.1" 304 - "http://localhost:3000/template" "Mozilla/5.0 (Windows NT 10.0; WOW64) AppleWebKit/537.36 (KHTML, like Gecko) Chrome/52.0.2743.82 Safari/537.36"
[2018-01-25 11:07:44.394] [INFO] access - ::1 - - "GET / HTTP/1.1" 200 - "" "Mozilla/5.0 (Windows NT 10.0; WOW64) AppleWebKit/537.36 (KHTML, like Gecko) Chrome/52.0.2743.82 Safari/537.36"
[2018-01-25 11:07:44.982] [INFO] access - ::1 - - "GET /active/api HTTP/1.1" 200 34 "http://localhost:3000/" "Mozilla/5.0 (Windows NT 10.0; WOW64) AppleWebKit/537.36 (KHTML, like Gecko) Chrome/52.0.2743.82 Safari/537.36"
[2018-01-25 11:09:14.983] [INFO] access - ::1 - - "GET /template HTTP/1.1" 200 - "" "Mozilla/5.0 (Windows NT 10.0; WOW64) AppleWebKit/537.36 (KHTML, like Gecko) Chrome/52.0.2743.82 Safari/537.36"
[2018-01-25 11:09:15.388] [WARN] access - ::1 - - "GET /active/api HTTP/1.1" 304 - "http://localhost:3000/template" "Mozilla/5.0 (Windows NT 10.0; WOW64) AppleWebKit/537.36 (KHTML, like Gecko) Chrome/52.0.2743.82 Safari/537.36"
[2018-01-25 11:10:03.568] [INFO] access - ::1 - - "GET /template HTTP/1.1" 200 - "" "Mozilla/5.0 (Windows NT 10.0; WOW64) AppleWebKit/537.36 (KHTML, like Gecko) Chrome/52.0.2743.82 Safari/537.36"
[2018-01-25 11:10:03.806] [WARN] access - ::1 - - "GET /active/api HTTP/1.1" 304 - "http://localhost:3000/template" "Mozilla/5.0 (Windows NT 10.0; WOW64) AppleWebKit/537.36 (KHTML, like Gecko) Chrome/52.0.2743.82 Safari/537.36"
[2018-01-25 11:10:26.748] [INFO] access - ::1 - - "GET / HTTP/1.1" 200 - "" "Mozilla/5.0 (Windows NT 10.0; WOW64) AppleWebKit/537.36 (KHTML, like Gecko) Chrome/52.0.2743.82 Safari/537.36"
[2018-01-25 11:10:27.020] [WARN] access - ::1 - - "GET /active/api HTTP/1.1" 304 - "http://localhost:3000/" "Mozilla/5.0 (Windows NT 10.0; WOW64) AppleWebKit/537.36 (KHTML, like Gecko) Chrome/52.0.2743.82 Safari/537.36"
[2018-01-25 11:15:29.095] [INFO] access - ::1 - - "GET / HTTP/1.1" 200 - "" "Mozilla/5.0 (Windows NT 10.0; WOW64) AppleWebKit/537.36 (KHTML, like Gecko) Chrome/52.0.2743.82 Safari/537.36"
[2018-01-25 11:15:29.414] [WARN] access - ::1 - - "GET /active/api HTTP/1.1" 304 - "http://localhost:3000/" "Mozilla/5.0 (Windows NT 10.0; WOW64) AppleWebKit/537.36 (KHTML, like Gecko) Chrome/52.0.2743.82 Safari/537.36"
[2018-01-25 11:18:26.917] [INFO] access - ::1 - - "GET /template HTTP/1.1" 200 - "" "Mozilla/5.0 (Windows NT 10.0; WOW64) AppleWebKit/537.36 (KHTML, like Gecko) Chrome/52.0.2743.82 Safari/537.36"
[2018-01-25 11:18:27.185] [WARN] access - ::1 - - "GET /active/api HTTP/1.1" 304 - "http://localhost:3000/template" "Mozilla/5.0 (Windows NT 10.0; WOW64) AppleWebKit/537.36 (KHTML, like Gecko) Chrome/52.0.2743.82 Safari/537.36"
[2018-01-25 11:19:39.426] [INFO] access - ::1 - - "GET /template HTTP/1.1" 200 - "" "Mozilla/5.0 (Windows NT 10.0; WOW64) AppleWebKit/537.36 (KHTML, like Gecko) Chrome/52.0.2743.82 Safari/537.36"
[2018-01-25 11:19:39.688] [WARN] access - ::1 - - "GET /active/api HTTP/1.1" 304 - "http://localhost:3000/template" "Mozilla/5.0 (Windows NT 10.0; WOW64) AppleWebKit/537.36 (KHTML, like Gecko) Chrome/52.0.2743.82 Safari/537.36"
[2018-01-25 11:19:59.992] [INFO] access - ::1 - - "GET /template HTTP/1.1" 200 - "" "Mozilla/5.0 (Windows NT 10.0; WOW64) AppleWebKit/537.36 (KHTML, like Gecko) Chrome/52.0.2743.82 Safari/537.36"
[2018-01-25 11:20:00.256] [WARN] access - ::1 - - "GET /active/api HTTP/1.1" 304 - "http://localhost:3000/template" "Mozilla/5.0 (Windows NT 10.0; WOW64) AppleWebKit/537.36 (KHTML, like Gecko) Chrome/52.0.2743.82 Safari/537.36"
[2018-01-25 11:20:49.623] [INFO] access - ::1 - - "GET / HTTP/1.1" 200 - "" "Mozilla/5.0 (Windows NT 10.0; WOW64) AppleWebKit/537.36 (KHTML, like Gecko) Chrome/52.0.2743.82 Safari/537.36"
[2018-01-25 11:20:49.908] [WARN] access - ::1 - - "GET /active/api HTTP/1.1" 304 - "http://localhost:3000/" "Mozilla/5.0 (Windows NT 10.0; WOW64) AppleWebKit/537.36 (KHTML, like Gecko) Chrome/52.0.2743.82 Safari/537.36"
[2018-01-25 11:20:55.275] [INFO] access - ::1 - - "GET /template HTTP/1.1" 200 - "" "Mozilla/5.0 (Windows NT 10.0; WOW64) AppleWebKit/537.36 (KHTML, like Gecko) Chrome/52.0.2743.82 Safari/537.36"
[2018-01-25 11:20:55.465] [WARN] access - ::1 - - "GET /active/api HTTP/1.1" 304 - "http://localhost:3000/template" "Mozilla/5.0 (Windows NT 10.0; WOW64) AppleWebKit/537.36 (KHTML, like Gecko) Chrome/52.0.2743.82 Safari/537.36"
[2018-01-25 11:22:29.349] [INFO] access - ::1 - - "GET /template HTTP/1.1" 200 - "" "Mozilla/5.0 (Windows NT 10.0; WOW64) AppleWebKit/537.36 (KHTML, like Gecko) Chrome/52.0.2743.82 Safari/537.36"
[2018-01-25 11:22:29.588] [WARN] access - ::1 - - "GET /active/api HTTP/1.1" 304 - "http://localhost:3000/template" "Mozilla/5.0 (Windows NT 10.0; WOW64) AppleWebKit/537.36 (KHTML, like Gecko) Chrome/52.0.2743.82 Safari/537.36"
[2018-01-25 11:22:33.038] [WARN] access - ::1 - - "GET /template HTTP/1.1" 304 - "" "Mozilla/5.0 (Windows NT 10.0; WOW64) AppleWebKit/537.36 (KHTML, like Gecko) Chrome/52.0.2743.82 Safari/537.36"
[2018-01-25 11:22:33.214] [WARN] access - ::1 - - "GET /active/api HTTP/1.1" 304 - "http://localhost:3000/template" "Mozilla/5.0 (Windows NT 10.0; WOW64) AppleWebKit/537.36 (KHTML, like Gecko) Chrome/52.0.2743.82 Safari/537.36"
[2018-01-25 11:24:40.262] [WARN] access - ::1 - - "GET /template HTTP/1.1" 304 - "" "Mozilla/5.0 (Windows NT 10.0; WOW64) AppleWebKit/537.36 (KHTML, like Gecko) Chrome/52.0.2743.82 Safari/537.36"
[2018-01-25 11:24:40.533] [WARN] access - ::1 - - "GET /active/api HTTP/1.1" 304 - "http://localhost:3000/template" "Mozilla/5.0 (Windows NT 10.0; WOW64) AppleWebKit/537.36 (KHTML, like Gecko) Chrome/52.0.2743.82 Safari/537.36"
[2018-01-25 11:24:43.742] [WARN] access - ::1 - - "GET /template HTTP/1.1" 304 - "" "Mozilla/5.0 (Windows NT 10.0; WOW64) AppleWebKit/537.36 (KHTML, like Gecko) Chrome/52.0.2743.82 Safari/537.36"
[2018-01-25 11:24:43.921] [WARN] access - ::1 - - "GET /active/api HTTP/1.1" 304 - "http://localhost:3000/template" "Mozilla/5.0 (Windows NT 10.0; WOW64) AppleWebKit/537.36 (KHTML, like Gecko) Chrome/52.0.2743.82 Safari/537.36"
[2018-01-25 11:24:46.295] [INFO] access - ::1 - - "GET / HTTP/1.1" 200 - "" "Mozilla/5.0 (Windows NT 10.0; WOW64) AppleWebKit/537.36 (KHTML, like Gecko) Chrome/52.0.2743.82 Safari/537.36"
[2018-01-25 11:24:46.473] [WARN] access - ::1 - - "GET /active/api HTTP/1.1" 304 - "http://localhost:3000/" "Mozilla/5.0 (Windows NT 10.0; WOW64) AppleWebKit/537.36 (KHTML, like Gecko) Chrome/52.0.2743.82 Safari/537.36"
[2018-01-25 11:25:30.887] [INFO] access - ::1 - - "GET /template HTTP/1.1" 200 - "" "Mozilla/5.0 (Windows NT 10.0; WOW64) AppleWebKit/537.36 (KHTML, like Gecko) Chrome/52.0.2743.82 Safari/537.36"
[2018-01-25 11:25:31.147] [WARN] access - ::1 - - "GET /active/api HTTP/1.1" 304 - "http://localhost:3000/template" "Mozilla/5.0 (Windows NT 10.0; WOW64) AppleWebKit/537.36 (KHTML, like Gecko) Chrome/52.0.2743.82 Safari/537.36"
