[2018-01-24 11:02:05.503] [INFO] access - ::1 - - "GET /form HTTP/1.1" 200 - "" "Mozilla/5.0 (Windows NT 10.0; WOW64) AppleWebKit/537.36 (KHTML, like Gecko) Chrome/52.0.2743.82 Safari/537.36"
[2018-01-24 11:02:06.417] [INFO] access - ::1 - - "GET /active/api HTTP/1.1" 200 34 "http://localhost:3000/form" "Mozilla/5.0 (Windows NT 10.0; WOW64) AppleWebKit/537.36 (KHTML, like Gecko) Chrome/52.0.2743.82 Safari/537.36"
[2018-01-24 11:02:09.928] [INFO] access - ::1 - - "GET / HTTP/1.1" 200 - "" "Mozilla/5.0 (Windows NT 10.0; WOW64) AppleWebKit/537.36 (KHTML, like Gecko) Chrome/52.0.2743.82 Safari/537.36"
[2018-01-24 11:02:10.561] [WARN] access - ::1 - - "GET /active/api HTTP/1.1" 304 - "http://localhost:3000/" "Mozilla/5.0 (Windows NT 10.0; WOW64) AppleWebKit/537.36 (KHTML, like Gecko) Chrome/52.0.2743.82 Safari/537.36"
[2018-01-24 11:53:07.247] [ERROR] access - ::1 - - "GET /dist/30c501ea78c8250cfaa5.hot-update.json HTTP/1.1" 404 20 "http://localhost:3000/form" "Mozilla/5.0 (Windows NT 10.0; WOW64) AppleWebKit/537.36 (KHTML, like Gecko) Chrome/52.0.2743.82 Safari/537.36"
[2018-01-24 11:53:30.637] [WARN] access - ::1 - - "GET / HTTP/1.1" 304 - "" "Mozilla/5.0 (Windows NT 10.0; WOW64) AppleWebKit/537.36 (KHTML, like Gecko) Chrome/52.0.2743.82 Safari/537.36"
[2018-01-24 11:53:31.467] [WARN] access - ::1 - - "GET /active/api HTTP/1.1" 304 - "http://localhost:3000/" "Mozilla/5.0 (Windows NT 10.0; WOW64) AppleWebKit/537.36 (KHTML, like Gecko) Chrome/52.0.2743.82 Safari/537.36"
[2018-01-24 13:57:11.112] [INFO] access - ::1 - - "GET / HTTP/1.1" 200 - "" "Mozilla/5.0 (Windows NT 10.0; WOW64) AppleWebKit/537.36 (KHTML, like Gecko) Chrome/52.0.2743.82 Safari/537.36"
[2018-01-24 13:57:11.888] [WARN] access - ::1 - - "GET /active/api HTTP/1.1" 304 - "http://localhost:3000/" "Mozilla/5.0 (Windows NT 10.0; WOW64) AppleWebKit/537.36 (KHTML, like Gecko) Chrome/52.0.2743.82 Safari/537.36"
[2018-01-24 14:06:18.497] [INFO] access - ::1 - - "GET / HTTP/1.1" 200 - "" "Mozilla/5.0 (Windows NT 10.0; WOW64) AppleWebKit/537.36 (KHTML, like Gecko) Chrome/52.0.2743.82 Safari/537.36"
[2018-01-24 14:06:19.434] [WARN] access - ::1 - - "GET /active/api HTTP/1.1" 304 - "http://localhost:3000/" "Mozilla/5.0 (Windows NT 10.0; WOW64) AppleWebKit/537.36 (KHTML, like Gecko) Chrome/52.0.2743.82 Safari/537.36"
[2018-01-24 14:17:13.695] [INFO] access - ::1 - - "GET / HTTP/1.1" 200 - "" "Mozilla/5.0 (Windows NT 10.0; WOW64) AppleWebKit/537.36 (KHTML, like Gecko) Chrome/52.0.2743.82 Safari/537.36"
[2018-01-24 14:17:14.278] [WARN] access - ::1 - - "GET /active/api HTTP/1.1" 304 - "http://localhost:3000/" "Mozilla/5.0 (Windows NT 10.0; WOW64) AppleWebKit/537.36 (KHTML, like Gecko) Chrome/52.0.2743.82 Safari/537.36"
[2018-01-24 14:19:19.391] [INFO] access - ::1 - - "GET / HTTP/1.1" 200 - "" "Mozilla/5.0 (Windows NT 10.0; WOW64) AppleWebKit/537.36 (KHTML, like Gecko) Chrome/52.0.2743.82 Safari/537.36"
[2018-01-24 14:19:20.029] [WARN] access - ::1 - - "GET /active/api HTTP/1.1" 304 - "http://localhost:3000/" "Mozilla/5.0 (Windows NT 10.0; WOW64) AppleWebKit/537.36 (KHTML, like Gecko) Chrome/52.0.2743.82 Safari/537.36"
[2018-01-24 14:22:31.874] [INFO] access - ::1 - - "GET / HTTP/1.1" 200 - "" "Mozilla/5.0 (Windows NT 10.0; WOW64) AppleWebKit/537.36 (KHTML, like Gecko) Chrome/52.0.2743.82 Safari/537.36"
[2018-01-24 14:22:32.398] [WARN] access - ::1 - - "GET /active/api HTTP/1.1" 304 - "http://localhost:3000/" "Mozilla/5.0 (Windows NT 10.0; WOW64) AppleWebKit/537.36 (KHTML, like Gecko) Chrome/52.0.2743.82 Safari/537.36"
[2018-01-24 14:27:48.027] [INFO] access - ::1 - - "GET / HTTP/1.1" 200 - "" "Mozilla/5.0 (Windows NT 10.0; WOW64) AppleWebKit/537.36 (KHTML, like Gecko) Chrome/52.0.2743.82 Safari/537.36"
[2018-01-24 14:27:48.566] [WARN] access - ::1 - - "GET /active/api HTTP/1.1" 304 - "http://localhost:3000/" "Mozilla/5.0 (Windows NT 10.0; WOW64) AppleWebKit/537.36 (KHTML, like Gecko) Chrome/52.0.2743.82 Safari/537.36"
[2018-01-24 14:28:20.426] [ERROR] access - ::1 - - "GET /dist/035deb2d404ab0273b60.hot-update.json HTTP/1.1" 404 20 "http://localhost:3000/" "Mozilla/5.0 (Windows NT 10.0; WOW64) AppleWebKit/537.36 (KHTML, like Gecko) Chrome/52.0.2743.82 Safari/537.36"
[2018-01-24 14:28:27.589] [INFO] access - ::1 - - "GET / HTTP/1.1" 200 - "" "Mozilla/5.0 (Windows NT 10.0; WOW64) AppleWebKit/537.36 (KHTML, like Gecko) Chrome/52.0.2743.82 Safari/537.36"
[2018-01-24 14:28:28.256] [WARN] access - ::1 - - "GET /active/api HTTP/1.1" 304 - "http://localhost:3000/" "Mozilla/5.0 (Windows NT 10.0; WOW64) AppleWebKit/537.36 (KHTML, like Gecko) Chrome/52.0.2743.82 Safari/537.36"
[2018-01-24 14:28:30.017] [WARN] access - ::1 - - "GET / HTTP/1.1" 304 - "" "Mozilla/5.0 (Windows NT 10.0; WOW64) AppleWebKit/537.36 (KHTML, like Gecko) Chrome/52.0.2743.82 Safari/537.36"
[2018-01-24 14:28:30.912] [WARN] access - ::1 - - "GET /active/api HTTP/1.1" 304 - "http://localhost:3000/" "Mozilla/5.0 (Windows NT 10.0; WOW64) AppleWebKit/537.36 (KHTML, like Gecko) Chrome/52.0.2743.82 Safari/537.36"
[2018-01-24 14:31:41.263] [INFO] access - ::1 - - "GET / HTTP/1.1" 200 - "" "Mozilla/5.0 (Windows NT 10.0; WOW64) AppleWebKit/537.36 (KHTML, like Gecko) Chrome/52.0.2743.82 Safari/537.36"
[2018-01-24 14:31:41.795] [WARN] access - ::1 - - "GET /active/api HTTP/1.1" 304 - "http://localhost:3000/" "Mozilla/5.0 (Windows NT 10.0; WOW64) AppleWebKit/537.36 (KHTML, like Gecko) Chrome/52.0.2743.82 Safari/537.36"
[2018-01-24 14:39:52.004] [INFO] access - ::1 - - "GET / HTTP/1.1" 200 - "" "Mozilla/5.0 (Windows NT 10.0; WOW64) AppleWebKit/537.36 (KHTML, like Gecko) Chrome/52.0.2743.82 Safari/537.36"
[2018-01-24 14:39:52.597] [WARN] access - ::1 - - "GET /active/api HTTP/1.1" 304 - "http://localhost:3000/" "Mozilla/5.0 (Windows NT 10.0; WOW64) AppleWebKit/537.36 (KHTML, like Gecko) Chrome/52.0.2743.82 Safari/537.36"
[2018-01-24 14:39:55.268] [INFO] access - ::1 - - "GET / HTTP/1.1" 200 - "" "Mozilla/5.0 (Windows NT 10.0; WOW64) AppleWebKit/537.36 (KHTML, like Gecko) Chrome/52.0.2743.82 Safari/537.36"
[2018-01-24 14:39:55.923] [INFO] access - ::1 - - "GET /active/api HTTP/1.1" 200 34 "http://localhost:3000/" "Mozilla/5.0 (Windows NT 10.0; WOW64) AppleWebKit/537.36 (KHTML, like Gecko) Chrome/52.0.2743.82 Safari/537.36"
[2018-01-24 14:47:58.063] [INFO] access - ::1 - - "GET / HTTP/1.1" 200 - "" "Mozilla/5.0 (Windows NT 10.0; WOW64) AppleWebKit/537.36 (KHTML, like Gecko) Chrome/52.0.2743.82 Safari/537.36"
[2018-01-24 14:47:58.687] [INFO] access - ::1 - - "GET /active/api HTTP/1.1" 200 34 "http://localhost:3000/" "Mozilla/5.0 (Windows NT 10.0; WOW64) AppleWebKit/537.36 (KHTML, like Gecko) Chrome/52.0.2743.82 Safari/537.36"
[2018-01-24 14:53:40.391] [INFO] access - ::1 - - "GET / HTTP/1.1" 200 - "" "Mozilla/5.0 (Windows NT 10.0; WOW64) AppleWebKit/537.36 (KHTML, like Gecko) Chrome/52.0.2743.82 Safari/537.36"
[2018-01-24 14:53:40.920] [WARN] access - ::1 - - "GET /active/api HTTP/1.1" 304 - "http://localhost:3000/" "Mozilla/5.0 (Windows NT 10.0; WOW64) AppleWebKit/537.36 (KHTML, like Gecko) Chrome/52.0.2743.82 Safari/537.36"
[2018-01-24 14:59:12.956] [INFO] access - ::1 - - "GET / HTTP/1.1" 200 - "" "Mozilla/5.0 (Windows NT 10.0; WOW64) AppleWebKit/537.36 (KHTML, like Gecko) Chrome/52.0.2743.82 Safari/537.36"
[2018-01-24 14:59:13.556] [INFO] access - ::1 - - "GET /active/api HTTP/1.1" 200 34 "http://localhost:3000/" "Mozilla/5.0 (Windows NT 10.0; WOW64) AppleWebKit/537.36 (KHTML, like Gecko) Chrome/52.0.2743.82 Safari/537.36"
[2018-01-24 15:02:32.673] [WARN] access - ::1 - - "GET / HTTP/1.1" 304 - "" "Mozilla/5.0 (Windows NT 10.0; WOW64) AppleWebKit/537.36 (KHTML, like Gecko) Chrome/52.0.2743.82 Safari/537.36"
[2018-01-24 15:02:33.230] [WARN] access - ::1 - - "GET /active/api HTTP/1.1" 304 - "http://localhost:3000/" "Mozilla/5.0 (Windows NT 10.0; WOW64) AppleWebKit/537.36 (KHTML, like Gecko) Chrome/52.0.2743.82 Safari/537.36"
[2018-01-24 15:03:43.383] [INFO] access - ::1 - - "GET / HTTP/1.1" 200 - "" "Mozilla/5.0 (Windows NT 10.0; WOW64) AppleWebKit/537.36 (KHTML, like Gecko) Chrome/52.0.2743.82 Safari/537.36"
[2018-01-24 15:03:43.966] [WARN] access - ::1 - - "GET /active/api HTTP/1.1" 304 - "http://localhost:3000/" "Mozilla/5.0 (Windows NT 10.0; WOW64) AppleWebKit/537.36 (KHTML, like Gecko) Chrome/52.0.2743.82 Safari/537.36"
[2018-01-24 15:03:58.671] [INFO] access - ::1 - - "GET / HTTP/1.1" 200 - "" "Mozilla/5.0 (Windows NT 10.0; WOW64) AppleWebKit/537.36 (KHTML, like Gecko) Chrome/52.0.2743.82 Safari/537.36"
[2018-01-24 15:03:59.173] [WARN] access - ::1 - - "GET /active/api HTTP/1.1" 304 - "http://localhost:3000/" "Mozilla/5.0 (Windows NT 10.0; WOW64) AppleWebKit/537.36 (KHTML, like Gecko) Chrome/52.0.2743.82 Safari/537.36"
[2018-01-24 15:09:51.224] [INFO] access - ::1 - - "GET / HTTP/1.1" 200 - "" "Mozilla/5.0 (Windows NT 10.0; WOW64) AppleWebKit/537.36 (KHTML, like Gecko) Chrome/52.0.2743.82 Safari/537.36"
[2018-01-24 15:09:51.760] [WARN] access - ::1 - - "GET /active/api HTTP/1.1" 304 - "http://localhost:3000/" "Mozilla/5.0 (Windows NT 10.0; WOW64) AppleWebKit/537.36 (KHTML, like Gecko) Chrome/52.0.2743.82 Safari/537.36"
[2018-01-24 15:17:55.904] [INFO] access - ::1 - - "GET / HTTP/1.1" 200 - "" "Mozilla/5.0 (Windows NT 10.0; WOW64) AppleWebKit/537.36 (KHTML, like Gecko) Chrome/52.0.2743.82 Safari/537.36"
[2018-01-24 15:17:56.474] [WARN] access - ::1 - - "GET /active/api HTTP/1.1" 304 - "http://localhost:3000/" "Mozilla/5.0 (Windows NT 10.0; WOW64) AppleWebKit/537.36 (KHTML, like Gecko) Chrome/52.0.2743.82 Safari/537.36"
[2018-01-24 15:27:29.140] [INFO] access - ::1 - - "GET / HTTP/1.1" 200 - "" "Mozilla/5.0 (Windows NT 10.0; WOW64) AppleWebKit/537.36 (KHTML, like Gecko) Chrome/52.0.2743.82 Safari/537.36"
[2018-01-24 15:27:29.669] [WARN] access - ::1 - - "GET /active/api HTTP/1.1" 304 - "http://localhost:3000/" "Mozilla/5.0 (Windows NT 10.0; WOW64) AppleWebKit/537.36 (KHTML, like Gecko) Chrome/52.0.2743.82 Safari/537.36"
[2018-01-24 15:27:39.121] [INFO] access - ::1 - - "GET / HTTP/1.1" 200 - "" "Mozilla/5.0 (Windows NT 10.0; WOW64) AppleWebKit/537.36 (KHTML, like Gecko) Chrome/52.0.2743.82 Safari/537.36"
[2018-01-24 15:27:39.621] [WARN] access - ::1 - - "GET /active/api HTTP/1.1" 304 - "http://localhost:3000/" "Mozilla/5.0 (Windows NT 10.0; WOW64) AppleWebKit/537.36 (KHTML, like Gecko) Chrome/52.0.2743.82 Safari/537.36"
[2018-01-24 15:28:25.076] [INFO] access - ::1 - - "GET / HTTP/1.1" 200 - "" "Mozilla/5.0 (Windows NT 10.0; WOW64) AppleWebKit/537.36 (KHTML, like Gecko) Chrome/52.0.2743.82 Safari/537.36"
[2018-01-24 15:28:25.593] [WARN] access - ::1 - - "GET /active/api HTTP/1.1" 304 - "http://localhost:3000/" "Mozilla/5.0 (Windows NT 10.0; WOW64) AppleWebKit/537.36 (KHTML, like Gecko) Chrome/52.0.2743.82 Safari/537.36"
[2018-01-24 15:30:06.723] [INFO] access - ::1 - - "GET / HTTP/1.1" 200 - "" "Mozilla/5.0 (Windows NT 10.0; WOW64) AppleWebKit/537.36 (KHTML, like Gecko) Chrome/52.0.2743.82 Safari/537.36"
[2018-01-24 15:30:07.341] [INFO] access - ::1 - - "GET /active/api HTTP/1.1" 200 34 "http://localhost:3000/" "Mozilla/5.0 (Windows NT 10.0; WOW64) AppleWebKit/537.36 (KHTML, like Gecko) Chrome/52.0.2743.82 Safari/537.36"
[2018-01-24 15:33:15.309] [INFO] access - ::1 - - "GET / HTTP/1.1" 200 - "" "Mozilla/5.0 (Windows NT 10.0; WOW64) AppleWebKit/537.36 (KHTML, like Gecko) Chrome/52.0.2743.82 Safari/537.36"
[2018-01-24 15:33:15.887] [WARN] access - ::1 - - "GET /active/api HTTP/1.1" 304 - "http://localhost:3000/" "Mozilla/5.0 (Windows NT 10.0; WOW64) AppleWebKit/537.36 (KHTML, like Gecko) Chrome/52.0.2743.82 Safari/537.36"
[2018-01-24 15:33:30.724] [INFO] access - ::1 - - "GET / HTTP/1.1" 200 - "" "Mozilla/5.0 (Windows NT 10.0; WOW64) AppleWebKit/537.36 (KHTML, like Gecko) Chrome/52.0.2743.82 Safari/537.36"
[2018-01-24 15:33:31.254] [WARN] access - ::1 - - "GET /active/api HTTP/1.1" 304 - "http://localhost:3000/" "Mozilla/5.0 (Windows NT 10.0; WOW64) AppleWebKit/537.36 (KHTML, like Gecko) Chrome/52.0.2743.82 Safari/537.36"
[2018-01-24 15:36:14.122] [INFO] access - ::1 - - "GET / HTTP/1.1" 200 - "" "Mozilla/5.0 (Windows NT 10.0; WOW64) AppleWebKit/537.36 (KHTML, like Gecko) Chrome/52.0.2743.82 Safari/537.36"
[2018-01-24 15:36:14.643] [WARN] access - ::1 - - "GET /active/api HTTP/1.1" 304 - "http://localhost:3000/" "Mozilla/5.0 (Windows NT 10.0; WOW64) AppleWebKit/537.36 (KHTML, like Gecko) Chrome/52.0.2743.82 Safari/537.36"
[2018-01-24 15:36:15.185] [INFO] access - ::1 - - "GET / HTTP/1.1" 200 - "" "Mozilla/5.0 (Windows NT 10.0; WOW64) AppleWebKit/537.36 (KHTML, like Gecko) Chrome/52.0.2743.82 Safari/537.36"
[2018-01-24 15:36:15.777] [INFO] access - ::1 - - "GET /active/api HTTP/1.1" 200 34 "http://localhost:3000/" "Mozilla/5.0 (Windows NT 10.0; WOW64) AppleWebKit/537.36 (KHTML, like Gecko) Chrome/52.0.2743.82 Safari/537.36"
[2018-01-24 15:39:58.121] [INFO] access - ::1 - - "GET / HTTP/1.1" 200 - "" "Mozilla/5.0 (Windows NT 10.0; WOW64) AppleWebKit/537.36 (KHTML, like Gecko) Chrome/52.0.2743.82 Safari/537.36"
[2018-01-24 15:39:58.760] [INFO] access - ::1 - - "GET /active/api HTTP/1.1" 200 34 "http://localhost:3000/" "Mozilla/5.0 (Windows NT 10.0; WOW64) AppleWebKit/537.36 (KHTML, like Gecko) Chrome/52.0.2743.82 Safari/537.36"
[2018-01-24 15:41:19.182] [INFO] access - ::1 - - "GET / HTTP/1.1" 200 - "" "Mozilla/5.0 (Windows NT 10.0; WOW64) AppleWebKit/537.36 (KHTML, like Gecko) Chrome/52.0.2743.82 Safari/537.36"
[2018-01-24 15:41:19.828] [INFO] access - ::1 - - "GET /active/api HTTP/1.1" 200 34 "http://localhost:3000/" "Mozilla/5.0 (Windows NT 10.0; WOW64) AppleWebKit/537.36 (KHTML, like Gecko) Chrome/52.0.2743.82 Safari/537.36"
[2018-01-24 15:42:21.778] [INFO] access - ::1 - - "GET / HTTP/1.1" 200 - "" "Mozilla/5.0 (Windows NT 10.0; WOW64) AppleWebKit/537.36 (KHTML, like Gecko) Chrome/52.0.2743.82 Safari/537.36"
[2018-01-24 15:42:22.353] [INFO] access - ::1 - - "GET /active/api HTTP/1.1" 200 34 "http://localhost:3000/" "Mozilla/5.0 (Windows NT 10.0; WOW64) AppleWebKit/537.36 (KHTML, like Gecko) Chrome/52.0.2743.82 Safari/537.36"
[2018-01-24 15:43:03.695] [WARN] access - ::1 - - "GET / HTTP/1.1" 304 - "" "Mozilla/5.0 (Windows NT 10.0; WOW64) AppleWebKit/537.36 (KHTML, like Gecko) Chrome/52.0.2743.82 Safari/537.36"
[2018-01-24 15:43:04.220] [WARN] access - ::1 - - "GET /active/api HTTP/1.1" 304 - "http://localhost:3000/" "Mozilla/5.0 (Windows NT 10.0; WOW64) AppleWebKit/537.36 (KHTML, like Gecko) Chrome/52.0.2743.82 Safari/537.36"
[2018-01-24 15:44:02.315] [INFO] access - ::1 - - "GET / HTTP/1.1" 200 - "" "Mozilla/5.0 (Windows NT 10.0; WOW64) AppleWebKit/537.36 (KHTML, like Gecko) Chrome/52.0.2743.82 Safari/537.36"
[2018-01-24 15:44:02.907] [INFO] access - ::1 - - "GET /active/api HTTP/1.1" 200 34 "http://localhost:3000/" "Mozilla/5.0 (Windows NT 10.0; WOW64) AppleWebKit/537.36 (KHTML, like Gecko) Chrome/52.0.2743.82 Safari/537.36"
[2018-01-24 15:44:52.212] [INFO] access - ::1 - - "GET / HTTP/1.1" 200 - "" "Mozilla/5.0 (Windows NT 10.0; WOW64) AppleWebKit/537.36 (KHTML, like Gecko) Chrome/52.0.2743.82 Safari/537.36"
[2018-01-24 15:44:52.699] [WARN] access - ::1 - - "GET /active/api HTTP/1.1" 304 - "http://localhost:3000/" "Mozilla/5.0 (Windows NT 10.0; WOW64) AppleWebKit/537.36 (KHTML, like Gecko) Chrome/52.0.2743.82 Safari/537.36"
[2018-01-24 15:45:11.727] [INFO] access - ::1 - - "GET / HTTP/1.1" 200 - "" "Mozilla/5.0 (Windows NT 10.0; WOW64) AppleWebKit/537.36 (KHTML, like Gecko) Chrome/52.0.2743.82 Safari/537.36"
[2018-01-24 15:45:12.328] [INFO] access - ::1 - - "GET /active/api HTTP/1.1" 200 34 "http://localhost:3000/" "Mozilla/5.0 (Windows NT 10.0; WOW64) AppleWebKit/537.36 (KHTML, like Gecko) Chrome/52.0.2743.82 Safari/537.36"
[2018-01-24 15:45:46.919] [INFO] access - ::1 - - "GET / HTTP/1.1" 200 - "" "Mozilla/5.0 (Windows NT 10.0; WOW64) AppleWebKit/537.36 (KHTML, like Gecko) Chrome/52.0.2743.82 Safari/537.36"
[2018-01-24 15:45:47.514] [INFO] access - ::1 - - "GET /active/api HTTP/1.1" 200 34 "http://localhost:3000/" "Mozilla/5.0 (Windows NT 10.0; WOW64) AppleWebKit/537.36 (KHTML, like Gecko) Chrome/52.0.2743.82 Safari/537.36"
[2018-01-24 15:45:52.207] [INFO] access - ::1 - - "GET / HTTP/1.1" 200 - "" "Mozilla/5.0 (Windows NT 10.0; WOW64) AppleWebKit/537.36 (KHTML, like Gecko) Chrome/52.0.2743.82 Safari/537.36"
[2018-01-24 15:45:52.776] [INFO] access - ::1 - - "GET /active/api HTTP/1.1" 200 34 "http://localhost:3000/" "Mozilla/5.0 (Windows NT 10.0; WOW64) AppleWebKit/537.36 (KHTML, like Gecko) Chrome/52.0.2743.82 Safari/537.36"
[2018-01-24 15:45:54.366] [INFO] access - ::1 - - "GET / HTTP/1.1" 200 - "" "Mozilla/5.0 (Windows NT 10.0; WOW64) AppleWebKit/537.36 (KHTML, like Gecko) Chrome/52.0.2743.82 Safari/537.36"
[2018-01-24 15:45:54.900] [INFO] access - ::1 - - "GET /active/api HTTP/1.1" 200 34 "http://localhost:3000/" "Mozilla/5.0 (Windows NT 10.0; WOW64) AppleWebKit/537.36 (KHTML, like Gecko) Chrome/52.0.2743.82 Safari/537.36"
[2018-01-24 15:45:55.430] [WARN] access - ::1 - - "GET / HTTP/1.1" 304 - "" "Mozilla/5.0 (Windows NT 10.0; WOW64) AppleWebKit/537.36 (KHTML, like Gecko) Chrome/52.0.2743.82 Safari/537.36"
[2018-01-24 15:45:56.009] [WARN] access - ::1 - - "GET /active/api HTTP/1.1" 304 - "http://localhost:3000/" "Mozilla/5.0 (Windows NT 10.0; WOW64) AppleWebKit/537.36 (KHTML, like Gecko) Chrome/52.0.2743.82 Safari/537.36"
[2018-01-24 15:46:09.338] [WARN] access - ::1 - - "GET / HTTP/1.1" 304 - "" "Mozilla/5.0 (Windows NT 10.0; WOW64) AppleWebKit/537.36 (KHTML, like Gecko) Chrome/52.0.2743.82 Safari/537.36"
[2018-01-24 15:46:09.707] [WARN] access - ::1 - - "GET /active/api HTTP/1.1" 304 - "http://localhost:3000/" "Mozilla/5.0 (Windows NT 10.0; WOW64) AppleWebKit/537.36 (KHTML, like Gecko) Chrome/52.0.2743.82 Safari/537.36"
[2018-01-24 15:46:09.797] [WARN] access - ::1 - - "GET / HTTP/1.1" 304 - "" "Mozilla/5.0 (Windows NT 10.0; WOW64) AppleWebKit/537.36 (KHTML, like Gecko) Chrome/52.0.2743.82 Safari/537.36"
[2018-01-24 15:46:10.283] [WARN] access - ::1 - - "GET /active/api HTTP/1.1" 304 - "http://localhost:3000/" "Mozilla/5.0 (Windows NT 10.0; WOW64) AppleWebKit/537.36 (KHTML, like Gecko) Chrome/52.0.2743.82 Safari/537.36"
[2018-01-24 15:59:49.901] [WARN] access - ::1 - - "GET / HTTP/1.1" 304 - "" "Mozilla/5.0 (Windows NT 10.0; WOW64) AppleWebKit/537.36 (KHTML, like Gecko) Chrome/52.0.2743.82 Safari/537.36"
[2018-01-24 15:59:50.492] [WARN] access - ::1 - - "GET /active/api HTTP/1.1" 304 - "http://localhost:3000/" "Mozilla/5.0 (Windows NT 10.0; WOW64) AppleWebKit/537.36 (KHTML, like Gecko) Chrome/52.0.2743.82 Safari/537.36"
[2018-01-24 15:59:57.375] [INFO] access - ::1 - - "GET / HTTP/1.1" 200 - "" "Mozilla/5.0 (Windows NT 10.0; WOW64) AppleWebKit/537.36 (KHTML, like Gecko) Chrome/52.0.2743.82 Safari/537.36"
[2018-01-24 15:59:57.905] [WARN] access - ::1 - - "GET /active/api HTTP/1.1" 304 - "http://localhost:3000/" "Mozilla/5.0 (Windows NT 10.0; WOW64) AppleWebKit/537.36 (KHTML, like Gecko) Chrome/52.0.2743.82 Safari/537.36"
[2018-01-24 16:00:12.791] [INFO] access - ::1 - - "GET / HTTP/1.1" 200 - "" "Mozilla/5.0 (Windows NT 10.0; WOW64) AppleWebKit/537.36 (KHTML, like Gecko) Chrome/52.0.2743.82 Safari/537.36"
[2018-01-24 16:00:13.256] [WARN] access - ::1 - - "GET /active/api HTTP/1.1" 304 - "http://localhost:3000/" "Mozilla/5.0 (Windows NT 10.0; WOW64) AppleWebKit/537.36 (KHTML, like Gecko) Chrome/52.0.2743.82 Safari/537.36"
[2018-01-24 16:01:46.628] [INFO] access - ::1 - - "GET / HTTP/1.1" 200 - "" "Mozilla/5.0 (Windows NT 10.0; WOW64) AppleWebKit/537.36 (KHTML, like Gecko) Chrome/52.0.2743.82 Safari/537.36"
[2018-01-24 16:01:47.121] [WARN] access - ::1 - - "GET /active/api HTTP/1.1" 304 - "http://localhost:3000/" "Mozilla/5.0 (Windows NT 10.0; WOW64) AppleWebKit/537.36 (KHTML, like Gecko) Chrome/52.0.2743.82 Safari/537.36"
[2018-01-24 16:11:56.455] [ERROR] access - ::1 - - "GET /dist/bfba0608bdee4c29bd47.hot-update.json HTTP/1.1" 404 20 "http://localhost:3000/" "Mozilla/5.0 (Windows NT 10.0; WOW64) AppleWebKit/537.36 (KHTML, like Gecko) Chrome/52.0.2743.82 Safari/537.36"
[2018-01-24 16:12:27.998] [INFO] access - ::1 - - "GET / HTTP/1.1" 200 - "" "Mozilla/5.0 (Windows NT 10.0; WOW64) AppleWebKit/537.36 (KHTML, like Gecko) Chrome/52.0.2743.82 Safari/537.36"
[2018-01-24 16:12:28.787] [WARN] access - ::1 - - "GET /active/api HTTP/1.1" 304 - "http://localhost:3000/" "Mozilla/5.0 (Windows NT 10.0; WOW64) AppleWebKit/537.36 (KHTML, like Gecko) Chrome/52.0.2743.82 Safari/537.36"
[2018-01-24 16:14:21.697] [INFO] access - ::1 - - "GET / HTTP/1.1" 200 - "" "Mozilla/5.0 (Windows NT 10.0; WOW64) AppleWebKit/537.36 (KHTML, like Gecko) Chrome/52.0.2743.82 Safari/537.36"
[2018-01-24 16:14:22.193] [WARN] access - ::1 - - "GET /active/api HTTP/1.1" 304 - "http://localhost:3000/" "Mozilla/5.0 (Windows NT 10.0; WOW64) AppleWebKit/537.36 (KHTML, like Gecko) Chrome/52.0.2743.82 Safari/537.36"
[2018-01-24 16:16:15.524] [INFO] access - ::1 - - "GET / HTTP/1.1" 200 - "" "Mozilla/5.0 (Windows NT 10.0; WOW64) AppleWebKit/537.36 (KHTML, like Gecko) Chrome/52.0.2743.82 Safari/537.36"
[2018-01-24 16:16:16.146] [INFO] access - ::1 - - "GET /active/api HTTP/1.1" 200 34 "http://localhost:3000/" "Mozilla/5.0 (Windows NT 10.0; WOW64) AppleWebKit/537.36 (KHTML, like Gecko) Chrome/52.0.2743.82 Safari/537.36"
[2018-01-24 16:17:18.387] [INFO] access - ::1 - - "GET / HTTP/1.1" 200 - "" "Mozilla/5.0 (Windows NT 10.0; WOW64) AppleWebKit/537.36 (KHTML, like Gecko) Chrome/52.0.2743.82 Safari/537.36"
[2018-01-24 16:17:18.955] [WARN] access - ::1 - - "GET /active/api HTTP/1.1" 304 - "http://localhost:3000/" "Mozilla/5.0 (Windows NT 10.0; WOW64) AppleWebKit/537.36 (KHTML, like Gecko) Chrome/52.0.2743.82 Safari/537.36"
[2018-01-24 16:17:38.756] [INFO] access - ::1 - - "GET / HTTP/1.1" 200 - "" "Mozilla/5.0 (Windows NT 10.0; WOW64) AppleWebKit/537.36 (KHTML, like Gecko) Chrome/52.0.2743.82 Safari/537.36"
[2018-01-24 16:17:39.311] [WARN] access - ::1 - - "GET /active/api HTTP/1.1" 304 - "http://localhost:3000/" "Mozilla/5.0 (Windows NT 10.0; WOW64) AppleWebKit/537.36 (KHTML, like Gecko) Chrome/52.0.2743.82 Safari/537.36"
[2018-01-24 16:22:23.430] [INFO] access - ::1 - - "GET / HTTP/1.1" 200 - "" "Mozilla/5.0 (Windows NT 10.0; WOW64) AppleWebKit/537.36 (KHTML, like Gecko) Chrome/52.0.2743.82 Safari/537.36"
[2018-01-24 16:22:24.065] [WARN] access - ::1 - - "GET /active/api HTTP/1.1" 304 - "http://localhost:3000/" "Mozilla/5.0 (Windows NT 10.0; WOW64) AppleWebKit/537.36 (KHTML, like Gecko) Chrome/52.0.2743.82 Safari/537.36"
[2018-01-24 16:26:14.659] [INFO] access - ::1 - - "GET / HTTP/1.1" 200 - "" "Mozilla/5.0 (Windows NT 10.0; WOW64) AppleWebKit/537.36 (KHTML, like Gecko) Chrome/52.0.2743.82 Safari/537.36"
[2018-01-24 16:26:15.652] [INFO] access - ::1 - - "GET /active/api HTTP/1.1" 200 34 "http://localhost:3000/" "Mozilla/5.0 (Windows NT 10.0; WOW64) AppleWebKit/537.36 (KHTML, like Gecko) Chrome/52.0.2743.82 Safari/537.36"
[2018-01-24 16:26:23.877] [INFO] access - ::1 - - "GET / HTTP/1.1" 200 - "" "Mozilla/5.0 (Windows NT 10.0; WOW64) AppleWebKit/537.36 (KHTML, like Gecko) Chrome/52.0.2743.82 Safari/537.36"
[2018-01-24 16:26:24.653] [INFO] access - ::1 - - "GET /active/api HTTP/1.1" 200 34 "http://localhost:3000/" "Mozilla/5.0 (Windows NT 10.0; WOW64) AppleWebKit/537.36 (KHTML, like Gecko) Chrome/52.0.2743.82 Safari/537.36"
[2018-01-24 16:26:43.334] [INFO] access - ::1 - - "GET / HTTP/1.1" 200 - "" "Mozilla/5.0 (Windows NT 10.0; WOW64) AppleWebKit/537.36 (KHTML, like Gecko) Chrome/52.0.2743.82 Safari/537.36"
[2018-01-24 16:26:43.953] [WARN] access - ::1 - - "GET /active/api HTTP/1.1" 304 - "http://localhost:3000/" "Mozilla/5.0 (Windows NT 10.0; WOW64) AppleWebKit/537.36 (KHTML, like Gecko) Chrome/52.0.2743.82 Safari/537.36"
[2018-01-24 16:32:30.457] [ERROR] access - ::1 - - "GET /dist/8aab1b09ffd0b02467c7.hot-update.json HTTP/1.1" 404 20 "http://localhost:3000/" "Mozilla/5.0 (Windows NT 10.0; WOW64) AppleWebKit/537.36 (KHTML, like Gecko) Chrome/52.0.2743.82 Safari/537.36"
[2018-01-24 16:32:53.383] [ERROR] access - ::1 - - "GET /dist/8aab1b09ffd0b02467c7.hot-update.json HTTP/1.1" 404 20 "http://localhost:3000/" "Mozilla/5.0 (Windows NT 10.0; WOW64) AppleWebKit/537.36 (KHTML, like Gecko) Chrome/52.0.2743.82 Safari/537.36"
[2018-01-24 16:33:05.454] [ERROR] access - ::1 - - "GET /dist/8aab1b09ffd0b02467c7.hot-update.json HTTP/1.1" 404 20 "http://localhost:3000/" "Mozilla/5.0 (Windows NT 10.0; WOW64) AppleWebKit/537.36 (KHTML, like Gecko) Chrome/52.0.2743.82 Safari/537.36"
[2018-01-24 16:33:08.396] [INFO] access - ::1 - - "GET / HTTP/1.1" 200 - "" "Mozilla/5.0 (Windows NT 10.0; WOW64) AppleWebKit/537.36 (KHTML, like Gecko) Chrome/52.0.2743.82 Safari/537.36"
[2018-01-24 16:33:09.047] [INFO] access - ::1 - - "GET /active/api HTTP/1.1" 200 34 "http://localhost:3000/" "Mozilla/5.0 (Windows NT 10.0; WOW64) AppleWebKit/537.36 (KHTML, like Gecko) Chrome/52.0.2743.82 Safari/537.36"
[2018-01-24 16:34:59.264] [INFO] access - ::1 - - "GET / HTTP/1.1" 200 - "" "Mozilla/5.0 (Windows NT 10.0; WOW64) AppleWebKit/537.36 (KHTML, like Gecko) Chrome/52.0.2743.82 Safari/537.36"
[2018-01-24 16:34:59.923] [INFO] access - ::1 - - "GET /active/api HTTP/1.1" 200 34 "http://localhost:3000/" "Mozilla/5.0 (Windows NT 10.0; WOW64) AppleWebKit/537.36 (KHTML, like Gecko) Chrome/52.0.2743.82 Safari/537.36"
[2018-01-24 16:37:04.425] [INFO] access - ::1 - - "GET / HTTP/1.1" 200 - "" "Mozilla/5.0 (Windows NT 10.0; WOW64) AppleWebKit/537.36 (KHTML, like Gecko) Chrome/52.0.2743.82 Safari/537.36"
[2018-01-24 16:37:05.026] [WARN] access - ::1 - - "GET /active/api HTTP/1.1" 304 - "http://localhost:3000/" "Mozilla/5.0 (Windows NT 10.0; WOW64) AppleWebKit/537.36 (KHTML, like Gecko) Chrome/52.0.2743.82 Safari/537.36"
[2018-01-24 16:37:06.233] [INFO] access - ::1 - - "GET / HTTP/1.1" 200 - "" "Mozilla/5.0 (Windows NT 10.0; WOW64) AppleWebKit/537.36 (KHTML, like Gecko) Chrome/52.0.2743.82 Safari/537.36"
[2018-01-24 16:37:06.973] [INFO] access - ::1 - - "GET /active/api HTTP/1.1" 200 34 "http://localhost:3000/" "Mozilla/5.0 (Windows NT 10.0; WOW64) AppleWebKit/537.36 (KHTML, like Gecko) Chrome/52.0.2743.82 Safari/537.36"
[2018-01-24 16:39:50.788] [INFO] access - ::1 - - "GET / HTTP/1.1" 200 - "" "Mozilla/5.0 (Windows NT 10.0; WOW64) AppleWebKit/537.36 (KHTML, like Gecko) Chrome/52.0.2743.82 Safari/537.36"
[2018-01-24 16:39:51.498] [INFO] access - ::1 - - "GET /active/api HTTP/1.1" 200 34 "http://localhost:3000/" "Mozilla/5.0 (Windows NT 10.0; WOW64) AppleWebKit/537.36 (KHTML, like Gecko) Chrome/52.0.2743.82 Safari/537.36"
[2018-01-24 16:40:06.442] [INFO] access - ::1 - - "GET / HTTP/1.1" 200 - "" "Mozilla/5.0 (Windows NT 10.0; WOW64) AppleWebKit/537.36 (KHTML, like Gecko) Chrome/52.0.2743.82 Safari/537.36"
[2018-01-24 16:40:07.106] [INFO] access - ::1 - - "GET /active/api HTTP/1.1" 200 34 "http://localhost:3000/" "Mozilla/5.0 (Windows NT 10.0; WOW64) AppleWebKit/537.36 (KHTML, like Gecko) Chrome/52.0.2743.82 Safari/537.36"
[2018-01-24 16:43:13.283] [INFO] access - ::1 - - "GET / HTTP/1.1" 200 - "" "Mozilla/5.0 (Windows NT 10.0; WOW64) AppleWebKit/537.36 (KHTML, like Gecko) Chrome/52.0.2743.82 Safari/537.36"
[2018-01-24 16:43:13.960] [INFO] access - ::1 - - "GET /active/api HTTP/1.1" 200 34 "http://localhost:3000/" "Mozilla/5.0 (Windows NT 10.0; WOW64) AppleWebKit/537.36 (KHTML, like Gecko) Chrome/52.0.2743.82 Safari/537.36"
[2018-01-24 16:44:03.190] [INFO] access - ::1 - - "GET / HTTP/1.1" 200 - "" "Mozilla/5.0 (Windows NT 10.0; WOW64) AppleWebKit/537.36 (KHTML, like Gecko) Chrome/52.0.2743.82 Safari/537.36"
[2018-01-24 16:44:03.915] [INFO] access - ::1 - - "GET /active/api HTTP/1.1" 200 34 "http://localhost:3000/" "Mozilla/5.0 (Windows NT 10.0; WOW64) AppleWebKit/537.36 (KHTML, like Gecko) Chrome/52.0.2743.82 Safari/537.36"
[2018-01-24 16:44:15.761] [INFO] access - ::1 - - "GET / HTTP/1.1" 200 - "" "Mozilla/5.0 (Windows NT 10.0; WOW64) AppleWebKit/537.36 (KHTML, like Gecko) Chrome/52.0.2743.82 Safari/537.36"
[2018-01-24 16:44:16.369] [INFO] access - ::1 - - "GET /active/api HTTP/1.1" 200 34 "http://localhost:3000/" "Mozilla/5.0 (Windows NT 10.0; WOW64) AppleWebKit/537.36 (KHTML, like Gecko) Chrome/52.0.2743.82 Safari/537.36"
[2018-01-24 16:46:32.191] [INFO] access - ::1 - - "GET / HTTP/1.1" 200 - "" "Mozilla/5.0 (Windows NT 10.0; WOW64) AppleWebKit/537.36 (KHTML, like Gecko) Chrome/52.0.2743.82 Safari/537.36"
[2018-01-24 16:46:32.916] [INFO] access - ::1 - - "GET /active/api HTTP/1.1" 200 34 "http://localhost:3000/" "Mozilla/5.0 (Windows NT 10.0; WOW64) AppleWebKit/537.36 (KHTML, like Gecko) Chrome/52.0.2743.82 Safari/537.36"
[2018-01-24 16:47:04.640] [INFO] access - ::1 - - "GET / HTTP/1.1" 200 - "" "Mozilla/5.0 (Windows NT 10.0; WOW64) AppleWebKit/537.36 (KHTML, like Gecko) Chrome/52.0.2743.82 Safari/537.36"
[2018-01-24 16:47:05.228] [INFO] access - ::1 - - "GET /active/api HTTP/1.1" 200 34 "http://localhost:3000/" "Mozilla/5.0 (Windows NT 10.0; WOW64) AppleWebKit/537.36 (KHTML, like Gecko) Chrome/52.0.2743.82 Safari/537.36"
[2018-01-24 16:49:39.126] [INFO] access - ::1 - - "GET / HTTP/1.1" 200 - "" "Mozilla/5.0 (Windows NT 10.0; WOW64) AppleWebKit/537.36 (KHTML, like Gecko) Chrome/52.0.2743.82 Safari/537.36"
[2018-01-24 16:49:39.793] [INFO] access - ::1 - - "GET /active/api HTTP/1.1" 200 34 "http://localhost:3000/" "Mozilla/5.0 (Windows NT 10.0; WOW64) AppleWebKit/537.36 (KHTML, like Gecko) Chrome/52.0.2743.82 Safari/537.36"
[2018-01-24 16:50:03.509] [ERROR] access - ::1 - - "GET /item.img HTTP/1.1" 404 20 "http://localhost:3000/" "Mozilla/5.0 (Windows NT 10.0; WOW64) AppleWebKit/537.36 (KHTML, like Gecko) Chrome/52.0.2743.82 Safari/537.36"
[2018-01-24 16:50:07.075] [INFO] access - ::1 - - "GET / HTTP/1.1" 200 - "" "Mozilla/5.0 (Windows NT 10.0; WOW64) AppleWebKit/537.36 (KHTML, like Gecko) Chrome/52.0.2743.82 Safari/537.36"
[2018-01-24 16:50:07.181] [ERROR] access - ::1 - - "GET /item.img HTTP/1.1" 404 20 "http://localhost:3000/" "Mozilla/5.0 (Windows NT 10.0; WOW64) AppleWebKit/537.36 (KHTML, like Gecko) Chrome/52.0.2743.82 Safari/537.36"
[2018-01-24 16:50:07.691] [INFO] access - ::1 - - "GET /active/api HTTP/1.1" 200 34 "http://localhost:3000/" "Mozilla/5.0 (Windows NT 10.0; WOW64) AppleWebKit/537.36 (KHTML, like Gecko) Chrome/52.0.2743.82 Safari/537.36"
[2018-01-24 16:50:18.555] [INFO] access - ::1 - - "GET / HTTP/1.1" 200 - "" "Mozilla/5.0 (Windows NT 10.0; WOW64) AppleWebKit/537.36 (KHTML, like Gecko) Chrome/52.0.2743.82 Safari/537.36"
[2018-01-24 16:50:18.652] [ERROR] access - ::1 - - "GET /item.img HTTP/1.1" 404 20 "http://localhost:3000/" "Mozilla/5.0 (Windows NT 10.0; WOW64) AppleWebKit/537.36 (KHTML, like Gecko) Chrome/52.0.2743.82 Safari/537.36"
[2018-01-24 16:50:19.123] [INFO] access - ::1 - - "GET /active/api HTTP/1.1" 200 34 "http://localhost:3000/" "Mozilla/5.0 (Windows NT 10.0; WOW64) AppleWebKit/537.36 (KHTML, like Gecko) Chrome/52.0.2743.82 Safari/537.36"
[2018-01-24 16:52:06.575] [ERROR] access - ::1 - - "GET /item.img HTTP/1.1" 404 20 "http://localhost:3000/" "Mozilla/5.0 (Windows NT 10.0; WOW64) AppleWebKit/537.36 (KHTML, like Gecko) Chrome/52.0.2743.82 Safari/537.36"
[2018-01-24 16:52:10.380] [ERROR] access - ::1 - - "GET /item.img HTTP/1.1" 404 20 "http://localhost:3000/" "Mozilla/5.0 (Windows NT 10.0; WOW64) AppleWebKit/537.36 (KHTML, like Gecko) Chrome/52.0.2743.82 Safari/537.36"
[2018-01-24 16:53:42.509] [ERROR] access - ::1 - - "GET /item.img HTTP/1.1" 404 20 "http://localhost:3000/" "Mozilla/5.0 (Windows NT 10.0; WOW64) AppleWebKit/537.36 (KHTML, like Gecko) Chrome/52.0.2743.82 Safari/537.36"
[2018-01-24 16:53:48.941] [INFO] access - ::1 - - "GET / HTTP/1.1" 200 - "" "Mozilla/5.0 (Windows NT 10.0; WOW64) AppleWebKit/537.36 (KHTML, like Gecko) Chrome/52.0.2743.82 Safari/537.36"
[2018-01-24 16:53:49.009] [ERROR] access - ::1 - - "GET /item.img HTTP/1.1" 404 20 "http://localhost:3000/" "Mozilla/5.0 (Windows NT 10.0; WOW64) AppleWebKit/537.36 (KHTML, like Gecko) Chrome/52.0.2743.82 Safari/537.36"
[2018-01-24 16:53:49.478] [WARN] access - ::1 - - "GET /active/api HTTP/1.1" 304 - "http://localhost:3000/" "Mozilla/5.0 (Windows NT 10.0; WOW64) AppleWebKit/537.36 (KHTML, like Gecko) Chrome/52.0.2743.82 Safari/537.36"
[2018-01-24 16:54:27.920] [ERROR] access - ::1 - - "GET /item.img HTTP/1.1" 404 20 "http://localhost:3000/" "Mozilla/5.0 (Windows NT 10.0; WOW64) AppleWebKit/537.36 (KHTML, like Gecko) Chrome/52.0.2743.82 Safari/537.36"
[2018-01-24 16:54:31.302] [ERROR] access - ::1 - - "GET /util/imgs/2.png HTTP/1.1" 404 20 "http://localhost:3000/" "Mozilla/5.0 (Windows NT 10.0; WOW64) AppleWebKit/537.36 (KHTML, like Gecko) Chrome/52.0.2743.82 Safari/537.36"
[2018-01-24 16:54:37.576] [INFO] access - ::1 - - "GET / HTTP/1.1" 200 - "" "Mozilla/5.0 (Windows NT 10.0; WOW64) AppleWebKit/537.36 (KHTML, like Gecko) Chrome/52.0.2743.82 Safari/537.36"
[2018-01-24 16:54:37.641] [ERROR] access - ::1 - - "GET /util/imgs/2.png HTTP/1.1" 404 20 "http://localhost:3000/" "Mozilla/5.0 (Windows NT 10.0; WOW64) AppleWebKit/537.36 (KHTML, like Gecko) Chrome/52.0.2743.82 Safari/537.36"
[2018-01-24 16:54:38.179] [INFO] access - ::1 - - "GET /active/api HTTP/1.1" 200 34 "http://localhost:3000/" "Mozilla/5.0 (Windows NT 10.0; WOW64) AppleWebKit/537.36 (KHTML, like Gecko) Chrome/52.0.2743.82 Safari/537.36"
[2018-01-24 16:56:20.333] [INFO] access - ::1 - - "GET / HTTP/1.1" 200 - "" "Mozilla/5.0 (Windows NT 10.0; WOW64) AppleWebKit/537.36 (KHTML, like Gecko) Chrome/52.0.2743.82 Safari/537.36"
[2018-01-24 16:56:20.445] [ERROR] access - ::1 - - "GET /util/imgs/2.png HTTP/1.1" 404 20 "http://localhost:3000/" "Mozilla/5.0 (Windows NT 10.0; WOW64) AppleWebKit/537.36 (KHTML, like Gecko) Chrome/52.0.2743.82 Safari/537.36"
[2018-01-24 16:56:21.079] [INFO] access - ::1 - - "GET /active/api HTTP/1.1" 200 34 "http://localhost:3000/" "Mozilla/5.0 (Windows NT 10.0; WOW64) AppleWebKit/537.36 (KHTML, like Gecko) Chrome/52.0.2743.82 Safari/537.36"
[2018-01-24 17:02:11.676] [ERROR] access - ::1 - - "GET /util/imgs/2.png HTTP/1.1" 404 20 "http://localhost:3000/" "Mozilla/5.0 (Windows NT 10.0; WOW64) AppleWebKit/537.36 (KHTML, like Gecko) Chrome/52.0.2743.82 Safari/537.36"
[2018-01-24 17:02:16.686] [INFO] access - ::1 - - "GET / HTTP/1.1" 200 - "" "Mozilla/5.0 (Windows NT 10.0; WOW64) AppleWebKit/537.36 (KHTML, like Gecko) Chrome/52.0.2743.82 Safari/537.36"
[2018-01-24 17:02:16.808] [ERROR] access - ::1 - - "GET /util/imgs/2.png HTTP/1.1" 404 20 "http://localhost:3000/" "Mozilla/5.0 (Windows NT 10.0; WOW64) AppleWebKit/537.36 (KHTML, like Gecko) Chrome/52.0.2743.82 Safari/537.36"
[2018-01-24 17:02:17.396] [INFO] access - ::1 - - "GET /active/api HTTP/1.1" 200 34 "http://localhost:3000/" "Mozilla/5.0 (Windows NT 10.0; WOW64) AppleWebKit/537.36 (KHTML, like Gecko) Chrome/52.0.2743.82 Safari/537.36"
[2018-01-24 17:02:35.955] [ERROR] access - ::1 - - "GET /util/imgs/2.png HTTP/1.1" 404 20 "http://localhost:3000/" "Mozilla/5.0 (Windows NT 10.0; WOW64) AppleWebKit/537.36 (KHTML, like Gecko) Chrome/52.0.2743.82 Safari/537.36"
[2018-01-24 17:02:46.490] [ERROR] access - ::1 - - "GET /util/imgs/2.png HTTP/1.1" 404 20 "http://localhost:3000/" "Mozilla/5.0 (Windows NT 10.0; WOW64) AppleWebKit/537.36 (KHTML, like Gecko) Chrome/52.0.2743.82 Safari/537.36"
[2018-01-24 17:02:47.864] [ERROR] access - ::1 - - "GET /util/imgs/2.png HTTP/1.1" 404 20 "http://localhost:3000/" "Mozilla/5.0 (Windows NT 10.0; WOW64) AppleWebKit/537.36 (KHTML, like Gecko) Chrome/52.0.2743.82 Safari/537.36"
[2018-01-24 17:02:50.602] [INFO] access - ::1 - - "GET / HTTP/1.1" 200 - "" "Mozilla/5.0 (Windows NT 10.0; WOW64) AppleWebKit/537.36 (KHTML, like Gecko) Chrome/52.0.2743.82 Safari/537.36"
[2018-01-24 17:02:50.734] [ERROR] access - ::1 - - "GET /util/imgs/2.png HTTP/1.1" 404 20 "http://localhost:3000/" "Mozilla/5.0 (Windows NT 10.0; WOW64) AppleWebKit/537.36 (KHTML, like Gecko) Chrome/52.0.2743.82 Safari/537.36"
[2018-01-24 17:02:51.285] [INFO] access - ::1 - - "GET /active/api HTTP/1.1" 200 34 "http://localhost:3000/" "Mozilla/5.0 (Windows NT 10.0; WOW64) AppleWebKit/537.36 (KHTML, like Gecko) Chrome/52.0.2743.82 Safari/537.36"
[2018-01-24 17:04:12.227] [ERROR] access - ::1 - - "GET /util/imgs/2.png HTTP/1.1" 404 20 "http://localhost:3000/" "Mozilla/5.0 (Windows NT 10.0; WOW64) AppleWebKit/537.36 (KHTML, like Gecko) Chrome/52.0.2743.82 Safari/537.36"
[2018-01-24 17:04:21.685] [INFO] access - ::1 - - "GET / HTTP/1.1" 200 - "" "Mozilla/5.0 (Windows NT 10.0; WOW64) AppleWebKit/537.36 (KHTML, like Gecko) Chrome/52.0.2743.82 Safari/537.36"
[2018-01-24 17:04:22.339] [INFO] access - ::1 - - "GET /active/api HTTP/1.1" 200 34 "http://localhost:3000/" "Mozilla/5.0 (Windows NT 10.0; WOW64) AppleWebKit/537.36 (KHTML, like Gecko) Chrome/52.0.2743.82 Safari/537.36"
[2018-01-24 17:04:41.652] [INFO] access - ::1 - - "GET / HTTP/1.1" 200 - "" "Mozilla/5.0 (Windows NT 10.0; WOW64) AppleWebKit/537.36 (KHTML, like Gecko) Chrome/52.0.2743.82 Safari/537.36"
[2018-01-24 17:04:42.312] [INFO] access - ::1 - - "GET /active/api HTTP/1.1" 200 34 "http://localhost:3000/" "Mozilla/5.0 (Windows NT 10.0; WOW64) AppleWebKit/537.36 (KHTML, like Gecko) Chrome/52.0.2743.82 Safari/537.36"
[2018-01-24 17:06:43.067] [INFO] access - ::1 - - "GET / HTTP/1.1" 200 - "" "Mozilla/5.0 (Windows NT 10.0; WOW64) AppleWebKit/537.36 (KHTML, like Gecko) Chrome/52.0.2743.82 Safari/537.36"
[2018-01-24 17:06:43.850] [INFO] access - ::1 - - "GET /active/api HTTP/1.1" 200 34 "http://localhost:3000/" "Mozilla/5.0 (Windows NT 10.0; WOW64) AppleWebKit/537.36 (KHTML, like Gecko) Chrome/52.0.2743.82 Safari/537.36"
[2018-01-24 17:07:32.036] [INFO] access - ::1 - - "GET / HTTP/1.1" 200 - "" "Mozilla/5.0 (Windows NT 10.0; WOW64) AppleWebKit/537.36 (KHTML, like Gecko) Chrome/52.0.2743.82 Safari/537.36"
[2018-01-24 17:07:32.797] [INFO] access - ::1 - - "GET /active/api HTTP/1.1" 200 34 "http://localhost:3000/" "Mozilla/5.0 (Windows NT 10.0; WOW64) AppleWebKit/537.36 (KHTML, like Gecko) Chrome/52.0.2743.82 Safari/537.36"
[2018-01-24 17:09:24.249] [INFO] access - ::1 - - "GET / HTTP/1.1" 200 - "" "Mozilla/5.0 (Windows NT 10.0; WOW64) AppleWebKit/537.36 (KHTML, like Gecko) Chrome/52.0.2743.82 Safari/537.36"
[2018-01-24 17:09:24.877] [INFO] access - ::1 - - "GET /active/api HTTP/1.1" 200 34 "http://localhost:3000/" "Mozilla/5.0 (Windows NT 10.0; WOW64) AppleWebKit/537.36 (KHTML, like Gecko) Chrome/52.0.2743.82 Safari/537.36"
[2018-01-24 17:10:16.702] [INFO] access - ::1 - - "GET / HTTP/1.1" 200 - "" "Mozilla/5.0 (Windows NT 10.0; WOW64) AppleWebKit/537.36 (KHTML, like Gecko) Chrome/52.0.2743.82 Safari/537.36"
[2018-01-24 17:10:17.199] [WARN] access - ::1 - - "GET /active/api HTTP/1.1" 304 - "http://localhost:3000/" "Mozilla/5.0 (Windows NT 10.0; WOW64) AppleWebKit/537.36 (KHTML, like Gecko) Chrome/52.0.2743.82 Safari/537.36"
[2018-01-24 17:11:24.110] [INFO] access - ::1 - - "GET / HTTP/1.1" 200 - "" "Mozilla/5.0 (Windows NT 10.0; WOW64) AppleWebKit/537.36 (KHTML, like Gecko) Chrome/52.0.2743.82 Safari/537.36"
[2018-01-24 17:11:24.714] [INFO] access - ::1 - - "GET /active/api HTTP/1.1" 200 34 "http://localhost:3000/" "Mozilla/5.0 (Windows NT 10.0; WOW64) AppleWebKit/537.36 (KHTML, like Gecko) Chrome/52.0.2743.82 Safari/537.36"
[2018-01-24 17:11:28.163] [WARN] access - ::1 - - "GET / HTTP/1.1" 304 - "" "Mozilla/5.0 (Windows NT 10.0; WOW64) AppleWebKit/537.36 (KHTML, like Gecko) Chrome/52.0.2743.82 Safari/537.36"
[2018-01-24 17:11:28.670] [WARN] access - ::1 - - "GET /active/api HTTP/1.1" 304 - "http://localhost:3000/" "Mozilla/5.0 (Windows NT 10.0; WOW64) AppleWebKit/537.36 (KHTML, like Gecko) Chrome/52.0.2743.82 Safari/537.36"
[2018-01-24 17:12:30.234] [INFO] access - ::1 - - "GET / HTTP/1.1" 200 - "" "Mozilla/5.0 (Windows NT 10.0; WOW64) AppleWebKit/537.36 (KHTML, like Gecko) Chrome/52.0.2743.82 Safari/537.36"
[2018-01-24 17:12:30.845] [INFO] access - ::1 - - "GET /active/api HTTP/1.1" 200 34 "http://localhost:3000/" "Mozilla/5.0 (Windows NT 10.0; WOW64) AppleWebKit/537.36 (KHTML, like Gecko) Chrome/52.0.2743.82 Safari/537.36"
[2018-01-24 17:12:54.030] [INFO] access - ::1 - - "GET / HTTP/1.1" 200 - "" "Mozilla/5.0 (Windows NT 10.0; WOW64) AppleWebKit/537.36 (KHTML, like Gecko) Chrome/52.0.2743.82 Safari/537.36"
[2018-01-24 17:12:54.635] [INFO] access - ::1 - - "GET /active/api HTTP/1.1" 200 34 "http://localhost:3000/" "Mozilla/5.0 (Windows NT 10.0; WOW64) AppleWebKit/537.36 (KHTML, like Gecko) Chrome/52.0.2743.82 Safari/537.36"
[2018-01-24 17:24:14.742] [INFO] access - ::1 - - "GET / HTTP/1.1" 200 - "" "Mozilla/5.0 (Windows NT 10.0; WOW64) AppleWebKit/537.36 (KHTML, like Gecko) Chrome/52.0.2743.82 Safari/537.36"
[2018-01-24 17:24:15.383] [INFO] access - ::1 - - "GET /active/api HTTP/1.1" 200 34 "http://localhost:3000/" "Mozilla/5.0 (Windows NT 10.0; WOW64) AppleWebKit/537.36 (KHTML, like Gecko) Chrome/52.0.2743.82 Safari/537.36"
[2018-01-24 17:25:49.295] [INFO] access - ::1 - - "GET / HTTP/1.1" 200 - "" "Mozilla/5.0 (Windows NT 10.0; WOW64) AppleWebKit/537.36 (KHTML, like Gecko) Chrome/52.0.2743.82 Safari/537.36"
[2018-01-24 17:25:49.906] [INFO] access - ::1 - - "GET /active/api HTTP/1.1" 200 34 "http://localhost:3000/" "Mozilla/5.0 (Windows NT 10.0; WOW64) AppleWebKit/537.36 (KHTML, like Gecko) Chrome/52.0.2743.82 Safari/537.36"
[2018-01-24 17:27:38.504] [INFO] access - ::1 - - "GET / HTTP/1.1" 200 - "" "Mozilla/5.0 (Windows NT 10.0; WOW64) AppleWebKit/537.36 (KHTML, like Gecko) Chrome/52.0.2743.82 Safari/537.36"
[2018-01-24 17:27:39.130] [INFO] access - ::1 - - "GET /active/api HTTP/1.1" 200 34 "http://localhost:3000/" "Mozilla/5.0 (Windows NT 10.0; WOW64) AppleWebKit/537.36 (KHTML, like Gecko) Chrome/52.0.2743.82 Safari/537.36"
[2018-01-24 17:44:17.569] [INFO] access - ::1 - - "GET / HTTP/1.1" 200 - "" "Mozilla/5.0 (Windows NT 10.0; WOW64) AppleWebKit/537.36 (KHTML, like Gecko) Chrome/52.0.2743.82 Safari/537.36"
[2018-01-24 17:44:18.269] [INFO] access - ::1 - - "GET /active/api HTTP/1.1" 200 34 "http://localhost:3000/" "Mozilla/5.0 (Windows NT 10.0; WOW64) AppleWebKit/537.36 (KHTML, like Gecko) Chrome/52.0.2743.82 Safari/537.36"
[2018-01-24 17:44:18.396] [ERROR] access - ::1 - - "GET /public/logo-48.png HTTP/1.1" 404 20 "http://localhost:3000/" "Mozilla/5.0 (Windows NT 10.0; WOW64) AppleWebKit/537.36 (KHTML, like Gecko) Chrome/52.0.2743.82 Safari/537.36"
[2018-01-24 17:54:37.705] [INFO] access - ::1 - - "GET / HTTP/1.1" 200 - "" "Mozilla/5.0 (Windows NT 10.0; WOW64) AppleWebKit/537.36 (KHTML, like Gecko) Chrome/52.0.2743.82 Safari/537.36"
[2018-01-24 17:54:38.310] [WARN] access - ::1 - - "GET /active/api HTTP/1.1" 304 - "http://localhost:3000/" "Mozilla/5.0 (Windows NT 10.0; WOW64) AppleWebKit/537.36 (KHTML, like Gecko) Chrome/52.0.2743.82 Safari/537.36"
[2018-01-24 17:54:40.111] [WARN] access - ::1 - - "GET / HTTP/1.1" 304 - "" "Mozilla/5.0 (Windows NT 10.0; WOW64) AppleWebKit/537.36 (KHTML, like Gecko) Chrome/52.0.2743.82 Safari/537.36"
[2018-01-24 17:54:40.289] [WARN] access - ::1 - - "GET /active/api HTTP/1.1" 304 - "http://localhost:3000/" "Mozilla/5.0 (Windows NT 10.0; WOW64) AppleWebKit/537.36 (KHTML, like Gecko) Chrome/52.0.2743.82 Safari/537.36"
[2018-01-24 17:54:43.952] [ERROR] access - ::1 - - "GET /favicon.ico HTTP/1.1" 404 20 "" "Mozilla/5.0 (Windows NT 10.0; WOW64) AppleWebKit/537.36 (KHTML, like Gecko) Chrome/52.0.2743.82 Safari/537.36"
[2018-01-24 17:55:14.818] [WARN] access - ::1 - - "GET / HTTP/1.1" 304 - "" "Mozilla/5.0 (Windows NT 10.0; WOW64) AppleWebKit/537.36 (KHTML, like Gecko) Chrome/52.0.2743.82 Safari/537.36"
[2018-01-24 17:55:15.453] [WARN] access - ::1 - - "GET /active/api HTTP/1.1" 304 - "http://localhost:3000/" "Mozilla/5.0 (Windows NT 10.0; WOW64) AppleWebKit/537.36 (KHTML, like Gecko) Chrome/52.0.2743.82 Safari/537.36"
[2018-01-24 17:55:26.036] [WARN] access - ::1 - - "GET / HTTP/1.1" 304 - "" "Mozilla/5.0 (Windows NT 10.0; WOW64) AppleWebKit/537.36 (KHTML, like Gecko) Chrome/52.0.2743.82 Safari/537.36"
[2018-01-24 17:55:26.364] [WARN] access - ::1 - - "GET /active/api HTTP/1.1" 304 - "http://localhost:3000/" "Mozilla/5.0 (Windows NT 10.0; WOW64) AppleWebKit/537.36 (KHTML, like Gecko) Chrome/52.0.2743.82 Safari/537.36"
[2018-01-24 18:02:32.759] [INFO] access - ::1 - - "GET / HTTP/1.1" 200 - "" "Mozilla/5.0 (Windows NT 10.0; WOW64) AppleWebKit/537.36 (KHTML, like Gecko) Chrome/52.0.2743.82 Safari/537.36"
[2018-01-24 18:02:33.036] [WARN] access - ::1 - - "GET /active/api HTTP/1.1" 304 - "http://localhost:3000/" "Mozilla/5.0 (Windows NT 10.0; WOW64) AppleWebKit/537.36 (KHTML, like Gecko) Chrome/52.0.2743.82 Safari/537.36"
[2018-01-24 18:08:40.833] [INFO] access - ::1 - - "GET / HTTP/1.1" 200 - "" "Mozilla/5.0 (Windows NT 10.0; WOW64) AppleWebKit/537.36 (KHTML, like Gecko) Chrome/52.0.2743.82 Safari/537.36"
[2018-01-24 18:08:41.105] [WARN] access - ::1 - - "GET /active/api HTTP/1.1" 304 - "http://localhost:3000/" "Mozilla/5.0 (Windows NT 10.0; WOW64) AppleWebKit/537.36 (KHTML, like Gecko) Chrome/52.0.2743.82 Safari/537.36"
[2018-01-24 18:09:58.657] [INFO] access - ::1 - - "GET / HTTP/1.1" 200 - "" "Mozilla/5.0 (Windows NT 10.0; WOW64) AppleWebKit/537.36 (KHTML, like Gecko) Chrome/52.0.2743.82 Safari/537.36"
[2018-01-24 18:09:58.908] [WARN] access - ::1 - - "GET /active/api HTTP/1.1" 304 - "http://localhost:3000/" "Mozilla/5.0 (Windows NT 10.0; WOW64) AppleWebKit/537.36 (KHTML, like Gecko) Chrome/52.0.2743.82 Safari/537.36"
[2018-01-24 18:10:32.165] [INFO] access - ::1 - - "GET / HTTP/1.1" 200 - "" "Mozilla/5.0 (Windows NT 10.0; WOW64) AppleWebKit/537.36 (KHTML, like Gecko) Chrome/52.0.2743.82 Safari/537.36"
[2018-01-24 18:10:32.418] [WARN] access - ::1 - - "GET /active/api HTTP/1.1" 304 - "http://localhost:3000/" "Mozilla/5.0 (Windows NT 10.0; WOW64) AppleWebKit/537.36 (KHTML, like Gecko) Chrome/52.0.2743.82 Safari/537.36"
[2018-01-24 18:10:37.634] [INFO] access - ::1 - - "GET / HTTP/1.1" 200 - "" "Mozilla/5.0 (Windows NT 10.0; WOW64) AppleWebKit/537.36 (KHTML, like Gecko) Chrome/52.0.2743.82 Safari/537.36"
[2018-01-24 18:10:37.795] [WARN] access - ::1 - - "GET /active/api HTTP/1.1" 304 - "http://localhost:3000/" "Mozilla/5.0 (Windows NT 10.0; WOW64) AppleWebKit/537.36 (KHTML, like Gecko) Chrome/52.0.2743.82 Safari/537.36"
[2018-01-24 18:11:35.129] [INFO] access - ::1 - - "GET / HTTP/1.1" 200 - "" "Mozilla/5.0 (Windows NT 10.0; WOW64) AppleWebKit/537.36 (KHTML, like Gecko) Chrome/52.0.2743.82 Safari/537.36"
[2018-01-24 18:11:35.394] [WARN] access - ::1 - - "GET /active/api HTTP/1.1" 304 - "http://localhost:3000/" "Mozilla/5.0 (Windows NT 10.0; WOW64) AppleWebKit/537.36 (KHTML, like Gecko) Chrome/52.0.2743.82 Safari/537.36"
[2018-01-24 18:14:08.964] [INFO] access - ::1 - - "GET / HTTP/1.1" 200 - "" "Mozilla/5.0 (Windows NT 10.0; WOW64) AppleWebKit/537.36 (KHTML, like Gecko) Chrome/52.0.2743.82 Safari/537.36"
[2018-01-24 18:14:09.547] [INFO] access - ::1 - - "GET /active/api HTTP/1.1" 200 34 "http://localhost:3000/" "Mozilla/5.0 (Windows NT 10.0; WOW64) AppleWebKit/537.36 (KHTML, like Gecko) Chrome/52.0.2743.82 Safari/537.36"
[2018-01-24 18:16:28.600] [INFO] access - ::1 - - "GET / HTTP/1.1" 200 - "" "Mozilla/5.0 (Windows NT 10.0; WOW64) AppleWebKit/537.36 (KHTML, like Gecko) Chrome/52.0.2743.82 Safari/537.36"
[2018-01-24 18:16:29.088] [WARN] access - ::1 - - "GET /active/api HTTP/1.1" 304 - "http://localhost:3000/" "Mozilla/5.0 (Windows NT 10.0; WOW64) AppleWebKit/537.36 (KHTML, like Gecko) Chrome/52.0.2743.82 Safari/537.36"
[2018-01-24 18:16:30.034] [INFO] access - ::1 - - "GET / HTTP/1.1" 200 - "" "Mozilla/5.0 (Windows NT 10.0; WOW64) AppleWebKit/537.36 (KHTML, like Gecko) Chrome/52.0.2743.82 Safari/537.36"
[2018-01-24 18:16:30.833] [INFO] access - ::1 - - "GET /active/api HTTP/1.1" 200 34 "http://localhost:3000/" "Mozilla/5.0 (Windows NT 10.0; WOW64) AppleWebKit/537.36 (KHTML, like Gecko) Chrome/52.0.2743.82 Safari/537.36"
[2018-01-24 18:16:45.652] [INFO] access - ::1 - - "GET / HTTP/1.1" 200 - "" "Mozilla/5.0 (Windows NT 10.0; WOW64) AppleWebKit/537.36 (KHTML, like Gecko) Chrome/52.0.2743.82 Safari/537.36"
[2018-01-24 18:16:46.201] [WARN] access - ::1 - - "GET /active/api HTTP/1.1" 304 - "http://localhost:3000/" "Mozilla/5.0 (Windows NT 10.0; WOW64) AppleWebKit/537.36 (KHTML, like Gecko) Chrome/52.0.2743.82 Safari/537.36"
[2018-01-24 18:17:10.868] [INFO] access - ::1 - - "GET / HTTP/1.1" 200 - "" "Mozilla/5.0 (Windows NT 10.0; WOW64) AppleWebKit/537.36 (KHTML, like Gecko) Chrome/52.0.2743.82 Safari/537.36"
[2018-01-24 18:17:11.401] [WARN] access - ::1 - - "GET /active/api HTTP/1.1" 304 - "http://localhost:3000/" "Mozilla/5.0 (Windows NT 10.0; WOW64) AppleWebKit/537.36 (KHTML, like Gecko) Chrome/52.0.2743.82 Safari/537.36"
[2018-01-24 18:17:44.478] [INFO] access - ::1 - - "GET / HTTP/1.1" 200 - "" "Mozilla/5.0 (Windows NT 10.0; WOW64) AppleWebKit/537.36 (KHTML, like Gecko) Chrome/52.0.2743.82 Safari/537.36"
[2018-01-24 18:17:45.034] [WARN] access - ::1 - - "GET /active/api HTTP/1.1" 304 - "http://localhost:3000/" "Mozilla/5.0 (Windows NT 10.0; WOW64) AppleWebKit/537.36 (KHTML, like Gecko) Chrome/52.0.2743.82 Safari/537.36"
[2018-01-24 18:18:06.488] [INFO] access - ::1 - - "GET / HTTP/1.1" 200 - "" "Mozilla/5.0 (Windows NT 10.0; WOW64) AppleWebKit/537.36 (KHTML, like Gecko) Chrome/52.0.2743.82 Safari/537.36"
[2018-01-24 18:18:07.036] [INFO] access - ::1 - - "GET /active/api HTTP/1.1" 200 34 "http://localhost:3000/" "Mozilla/5.0 (Windows NT 10.0; WOW64) AppleWebKit/537.36 (KHTML, like Gecko) Chrome/52.0.2743.82 Safari/537.36"
[2018-01-24 18:19:53.848] [INFO] access - ::1 - - "GET / HTTP/1.1" 200 - "" "Mozilla/5.0 (Windows NT 10.0; WOW64) AppleWebKit/537.36 (KHTML, like Gecko) Chrome/52.0.2743.82 Safari/537.36"
[2018-01-24 18:19:54.450] [INFO] access - ::1 - - "GET /active/api HTTP/1.1" 200 34 "http://localhost:3000/" "Mozilla/5.0 (Windows NT 10.0; WOW64) AppleWebKit/537.36 (KHTML, like Gecko) Chrome/52.0.2743.82 Safari/537.36"
[2018-01-24 18:38:34.519] [INFO] access - ::1 - - "GET / HTTP/1.1" 200 - "" "Mozilla/5.0 (Windows NT 10.0; WOW64) AppleWebKit/537.36 (KHTML, like Gecko) Chrome/52.0.2743.82 Safari/537.36"
[2018-01-24 18:38:34.617] [ERROR] access - ::1 - - "GET /item.img HTTP/1.1" 404 20 "http://localhost:3000/" "Mozilla/5.0 (Windows NT 10.0; WOW64) AppleWebKit/537.36 (KHTML, like Gecko) Chrome/52.0.2743.82 Safari/537.36"
[2018-01-24 18:38:35.261] [INFO] access - ::1 - - "GET /active/api HTTP/1.1" 200 34 "http://localhost:3000/" "Mozilla/5.0 (Windows NT 10.0; WOW64) AppleWebKit/537.36 (KHTML, like Gecko) Chrome/52.0.2743.82 Safari/537.36"
[2018-01-24 18:40:52.443] [INFO] access - ::1 - - "GET / HTTP/1.1" 200 - "" "Mozilla/5.0 (Windows NT 10.0; WOW64) AppleWebKit/537.36 (KHTML, like Gecko) Chrome/52.0.2743.82 Safari/537.36"
[2018-01-24 18:40:53.052] [INFO] access - ::1 - - "GET /active/api HTTP/1.1" 200 34 "http://localhost:3000/" "Mozilla/5.0 (Windows NT 10.0; WOW64) AppleWebKit/537.36 (KHTML, like Gecko) Chrome/52.0.2743.82 Safari/537.36"
[2018-01-24 18:44:45.075] [INFO] access - ::1 - - "GET / HTTP/1.1" 200 - "" "Mozilla/5.0 (Windows NT 10.0; WOW64) AppleWebKit/537.36 (KHTML, like Gecko) Chrome/52.0.2743.82 Safari/537.36"
[2018-01-24 18:44:45.755] [INFO] access - ::1 - - "GET /active/api HTTP/1.1" 200 34 "http://localhost:3000/" "Mozilla/5.0 (Windows NT 10.0; WOW64) AppleWebKit/537.36 (KHTML, like Gecko) Chrome/52.0.2743.82 Safari/537.36"
[2018-01-24 18:55:09.046] [INFO] access - ::1 - - "GET / HTTP/1.1" 200 - "" "Mozilla/5.0 (Windows NT 10.0; WOW64) AppleWebKit/537.36 (KHTML, like Gecko) Chrome/52.0.2743.82 Safari/537.36"
[2018-01-24 18:55:09.706] [INFO] access - ::1 - - "GET /active/api HTTP/1.1" 200 34 "http://localhost:3000/" "Mozilla/5.0 (Windows NT 10.0; WOW64) AppleWebKit/537.36 (KHTML, like Gecko) Chrome/52.0.2743.82 Safari/537.36"
[2018-01-24 18:57:19.407] [INFO] access - ::1 - - "GET / HTTP/1.1" 200 - "" "Mozilla/5.0 (Windows NT 10.0; WOW64) AppleWebKit/537.36 (KHTML, like Gecko) Chrome/52.0.2743.82 Safari/537.36"
[2018-01-24 18:57:20.053] [INFO] access - ::1 - - "GET /active/api HTTP/1.1" 200 34 "http://localhost:3000/" "Mozilla/5.0 (Windows NT 10.0; WOW64) AppleWebKit/537.36 (KHTML, like Gecko) Chrome/52.0.2743.82 Safari/537.36"
[2018-01-24 19:00:39.346] [ERROR] access - ::1 - - "GET / HTTP/1.1" 500 27 "" "Mozilla/5.0 (Windows NT 10.0; WOW64) AppleWebKit/537.36 (KHTML, like Gecko) Chrome/52.0.2743.82 Safari/537.36"
[2018-01-24 19:00:51.325] [INFO] access - ::1 - - "GET / HTTP/1.1" 200 - "" "Mozilla/5.0 (Windows NT 10.0; WOW64) AppleWebKit/537.36 (KHTML, like Gecko) Chrome/52.0.2743.82 Safari/537.36"
[2018-01-24 19:00:51.966] [INFO] access - ::1 - - "GET /active/api HTTP/1.1" 200 34 "http://localhost:3000/" "Mozilla/5.0 (Windows NT 10.0; WOW64) AppleWebKit/537.36 (KHTML, like Gecko) Chrome/52.0.2743.82 Safari/537.36"
[2018-01-24 19:16:25.622] [ERROR] access - ::1 - - "GET /dist/2742060083951e9c6f42.hot-update.json HTTP/1.1" 404 20 "http://localhost:3000/" "Mozilla/5.0 (Windows NT 10.0; WOW64) AppleWebKit/537.36 (KHTML, like Gecko) Chrome/52.0.2743.82 Safari/537.36"
[2018-01-24 19:16:25.802] [INFO] access - ::1 - - "GET / HTTP/1.1" 200 - "" "Mozilla/5.0 (Windows NT 10.0; WOW64) AppleWebKit/537.36 (KHTML, like Gecko) Chrome/52.0.2743.82 Safari/537.36"
[2018-01-24 19:16:26.357] [WARN] access - ::1 - - "GET /active/api HTTP/1.1" 304 - "http://localhost:3000/" "Mozilla/5.0 (Windows NT 10.0; WOW64) AppleWebKit/537.36 (KHTML, like Gecko) Chrome/52.0.2743.82 Safari/537.36"
[2018-01-24 19:16:28.578] [WARN] access - ::1 - - "GET / HTTP/1.1" 304 - "" "Mozilla/5.0 (Windows NT 10.0; WOW64) AppleWebKit/537.36 (KHTML, like Gecko) Chrome/52.0.2743.82 Safari/537.36"
[2018-01-24 19:16:28.746] [WARN] access - ::1 - - "GET /active/api HTTP/1.1" 304 - "http://localhost:3000/" "Mozilla/5.0 (Windows NT 10.0; WOW64) AppleWebKit/537.36 (KHTML, like Gecko) Chrome/52.0.2743.82 Safari/537.36"
[2018-01-24 19:16:30.667] [WARN] access - ::1 - - "GET / HTTP/1.1" 304 - "" "Mozilla/5.0 (Windows NT 10.0; WOW64) AppleWebKit/537.36 (KHTML, like Gecko) Chrome/52.0.2743.82 Safari/537.36"
[2018-01-24 19:16:30.840] [WARN] access - ::1 - - "GET /active/api HTTP/1.1" 304 - "http://localhost:3000/" "Mozilla/5.0 (Windows NT 10.0; WOW64) AppleWebKit/537.36 (KHTML, like Gecko) Chrome/52.0.2743.82 Safari/537.36"
